TN:
SF:server\auth\password.js
FN:21,hashPassword
FN:34,verifyPassword
FNF:2
FNH:2
FNDA:6,hashPassword
FNDA:5,verifyPassword
DA:1,1
DA:2,1
DA:3,1
DA:4,1
DA:5,1
DA:6,1
DA:7,1
DA:8,1
DA:9,1
DA:10,1
DA:11,1
DA:12,1
DA:13,1
DA:14,1
DA:15,1
DA:16,1
DA:17,1
DA:18,1
DA:19,1
DA:20,1
DA:21,1
DA:22,6
DA:23,6
DA:24,6
DA:25,6
DA:26,1
DA:27,1
DA:28,1
DA:29,1
DA:30,1
DA:31,1
DA:32,1
DA:33,1
DA:34,1
DA:35,5
DA:36,5
DA:37,3
DA:38,3
DA:39,3
DA:40,5
DA:41,1
DA:42,1
DA:43,5
LF:43
LH:43
BRDA:21,0,0,6
BRDA:34,1,0,5
BRDA:36,2,0,4
BRDA:36,3,0,2
BRDA:36,4,0,3
BRDA:40,5,0,1
BRF:6
BRH:6
end_of_record
TN:
SF:server\auth\session-store.js
FN:25,createSession
FN:42,getSession
FN:57,destroySession
FN:66,getSessionFromRequest
FN:73,sessionCount
FN:78,_clearAllSessions
FNF:6
FNH:6
FNDA:57,createSession
FNDA:57,getSession
FNDA:4,destroySession
FNDA:51,getSessionFromRequest
FNDA:3,sessionCount
FNDA:73,_clearAllSessions
DA:1,1
DA:2,1
DA:3,1
DA:4,1
DA:5,1
DA:6,1
DA:7,1
DA:8,1
DA:9,1
DA:10,1
DA:11,1
DA:12,1
DA:13,1
DA:14,1
DA:15,1
DA:16,1
DA:17,1
DA:18,1
DA:19,1
DA:20,1
DA:21,1
DA:22,1
DA:23,1
DA:24,1
DA:25,1
DA:26,57
DA:27,57
DA:28,57
DA:29,57
DA:30,57
DA:31,57
DA:32,57
DA:33,57
DA:34,57
DA:35,57
DA:36,1
DA:37,1
DA:38,1
DA:39,1
DA:40,1
DA:41,1
DA:42,1
DA:43,57
DA:44,42
DA:45,57
DA:46,57
DA:47,1
DA:48,1
DA:49,1
DA:50,39
DA:51,39
DA:52,1
DA:53,1
DA:54,1
DA:55,1
DA:56,1
DA:57,1
DA:58,4
DA:59,4
DA:60,1
DA:61,1
DA:62,1
DA:63,1
DA:64,1
DA:65,1
DA:66,1
DA:67,51
DA:68,51
DA:69,51
DA:70,51
DA:71,1
DA:72,1
DA:73,1
DA:74,3
DA:75,3
DA:76,1
DA:77,1
DA:78,1
DA:79,73
DA:80,73
LF:80
LH:80
BRDA:25,0,0,57
BRDA:31,1,0,1
BRDA:42,2,0,57
BRDA:43,3,0,15
BRDA:43,4,0,42
BRDA:45,5,0,2
BRDA:45,6,0,40
BRDA:46,7,0,1
BRDA:49,8,0,39
BRDA:57,9,0,4
BRDA:66,10,0,51
BRDA:68,11,0,1
BRDA:68,12,0,50
BRDA:73,13,0,3
BRDA:78,14,0,73
BRF:15
BRH:15
end_of_record
TN:
SF:server\chat\json-document-store.js
FN:26,JsonDocumentStore
FN:33,_ensureFile
FN:43,_load
FN:52,_save
FN:64,insert
FN:82,find
FN:94,findRecent
FN:100,count
FN:105,deleteAll
FNF:9
FNH:9
FNDA:15,JsonDocumentStore
FNDA:15,_ensureFile
FNDA:33,_load
FNDA:21,_save
FNDA:20,insert
FNDA:4,find
FNDA:3,findRecent
FNDA:6,count
FNDA:1,deleteAll
DA:1,1
DA:2,1
DA:3,1
DA:4,1
DA:5,1
DA:6,1
DA:7,1
DA:8,1
DA:9,1
DA:10,1
DA:11,1
DA:12,1
DA:13,1
DA:14,1
DA:15,1
DA:16,1
DA:17,1
DA:18,1
DA:19,1
DA:20,1
DA:21,1
DA:22,1
DA:23,1
DA:24,1
DA:25,1
DA:26,1
DA:27,15
DA:28,15
DA:29,15
DA:30,1
DA:31,1
DA:32,1
DA:33,1
DA:34,15
DA:35,15
DA:36,1
DA:37,1
DA:38,15
DA:39,13
DA:40,13
DA:41,15
DA:42,1
DA:43,1
DA:44,33
DA:45,33
DA:46,33
DA:47,33
DA:48,1
DA:49,1
DA:50,33
DA:51,1
DA:52,1
DA:53,21
DA:54,21
DA:55,1
DA:56,1
DA:57,1
DA:58,1
DA:59,1
DA:60,1
DA:61,1
DA:62,1
DA:63,1
DA:64,1
DA:65,20
DA:66,20
DA:67,20
DA:68,20
DA:69,20
DA:70,20
DA:71,20
DA:72,20
DA:73,20
DA:74,20
DA:75,1
DA:76,1
DA:77,1
DA:78,1
DA:79,1
DA:80,1
DA:81,1
DA:82,1
DA:83,4
DA:84,4
DA:85,9
DA:86,4
DA:87,4
DA:88,1
DA:89,1
DA:90,1
DA:91,1
DA:92,1
DA:93,1
DA:94,1
DA:95,3
DA:96,3
DA:97,3
DA:98,1
DA:99,1
DA:100,1
DA:101,6
DA:102,6
DA:103,1
DA:104,1
DA:105,1
DA:106,1
DA:107,1
DA:108,1
LF:108
LH:108
BRDA:26,0,0,15
BRDA:33,1,0,15
BRDA:35,2,0,1
BRDA:38,3,0,13
BRDA:43,4,0,33
BRDA:47,5,0,1
BRDA:52,6,0,21
BRDA:64,7,0,20
BRDA:82,8,0,4
BRDA:84,9,0,9
BRDA:85,10,0,8
BRDA:94,11,0,3
BRDA:100,12,0,6
BRDA:105,13,0,1
BRF:14
BRH:14
end_of_record
TN:
SF:server\domain\appointments.js
FN:150,cleanText
FN:154,isIsoDate
FN:158,isTime
FN:162,normalizePhone
FN:166,isPhoneValid
FN:174,validatePastDate
FN:178,cloneAppointments
FN:182,createSeedAppointments
FN:186,validateAppointmentInput
FN:258,createAppointmentRecord
FN:275,paginateAppointments
FN:315,buildAppointmentStatistics
FNF:12
FNH:12
FNDA:111,cleanText
FNDA:11,isIsoDate
FNDA:10,isTime
FNDA:15,normalizePhone
FNDA:15,isPhoneValid
FNDA:6,validatePastDate
FNDA:39,cloneAppointments
FNDA:14,createSeedAppointments
FNDA:15,validateAppointmentInput
FNDA:8,createAppointmentRecord
FNDA:6,paginateAppointments
FNDA:4,buildAppointmentStatistics
DA:1,1
DA:2,1
DA:3,1
DA:4,1
DA:5,1
DA:6,1
DA:7,1
DA:8,1
DA:9,1
DA:10,1
DA:11,1
DA:12,1
DA:13,1
DA:14,1
DA:15,1
DA:16,1
DA:17,1
DA:18,1
DA:19,1
DA:20,1
DA:21,1
DA:22,1
DA:23,1
DA:24,1
DA:25,1
DA:26,1
DA:27,1
DA:28,1
DA:29,1
DA:30,1
DA:31,1
DA:32,1
DA:33,1
DA:34,1
DA:35,1
DA:36,1
DA:37,1
DA:38,1
DA:39,1
DA:40,1
DA:41,1
DA:42,1
DA:43,1
DA:44,1
DA:45,1
DA:46,1
DA:47,1
DA:48,1
DA:49,1
DA:50,1
DA:51,1
DA:52,1
DA:53,1
DA:54,1
DA:55,1
DA:56,1
DA:57,1
DA:58,1
DA:59,1
DA:60,1
DA:61,1
DA:62,1
DA:63,1
DA:64,1
DA:65,1
DA:66,1
DA:67,1
DA:68,1
DA:69,1
DA:70,1
DA:71,1
DA:72,1
DA:73,1
DA:74,1
DA:75,1
DA:76,1
DA:77,1
DA:78,1
DA:79,1
DA:80,1
DA:81,1
DA:82,1
DA:83,1
DA:84,1
DA:85,1
DA:86,1
DA:87,1
DA:88,1
DA:89,1
DA:90,1
DA:91,1
DA:92,1
DA:93,1
DA:94,1
DA:95,1
DA:96,1
DA:97,1
DA:98,1
DA:99,1
DA:100,1
DA:101,1
DA:102,1
DA:103,1
DA:104,1
DA:105,1
DA:106,1
DA:107,1
DA:108,1
DA:109,1
DA:110,1
DA:111,1
DA:112,1
DA:113,1
DA:114,1
DA:115,1
DA:116,1
DA:117,1
DA:118,1
DA:119,1
DA:120,1
DA:121,1
DA:122,1
DA:123,1
DA:124,1
DA:125,1
DA:126,1
DA:127,1
DA:128,1
DA:129,1
DA:130,1
DA:131,1
DA:132,1
DA:133,1
DA:134,1
DA:135,1
DA:136,1
DA:137,1
DA:138,1
DA:139,1
DA:140,1
DA:141,1
DA:142,1
DA:143,1
DA:144,1
DA:145,1
DA:146,1
DA:147,1
DA:148,1
DA:149,1
DA:150,111
DA:151,111
DA:152,111
DA:153,1
DA:154,11
DA:155,11
DA:156,11
DA:157,1
DA:158,10
DA:159,10
DA:160,10
DA:161,1
DA:162,15
DA:163,15
DA:164,15
DA:165,1
DA:166,15
DA:167,15
DA:168,10
DA:169,10
DA:170,5
DA:171,5
DA:172,5
DA:173,1
DA:174,6
DA:175,6
DA:176,6
DA:177,1
DA:178,1
DA:179,39
DA:180,39
DA:181,1
DA:182,1
DA:183,14
DA:184,14
DA:185,1
DA:186,1
DA:187,15
DA:188,15
DA:189,15
DA:190,15
DA:191,15
DA:192,15
DA:193,14
DA:194,14
DA:195,5
DA:196,5
DA:197,14
DA:198,15
DA:199,15
DA:200,14
DA:201,14
DA:202,3
DA:203,14
DA:204,1
DA:205,11
DA:206,3
DA:207,3
DA:208,14
DA:209,15
DA:210,15
DA:211,14
DA:212,14
DA:213,4
DA:214,11
DA:215,1
DA:216,1
DA:217,14
DA:218,15
DA:219,15
DA:220,14
DA:221,14
DA:222,3
DA:223,14
DA:224,3
DA:225,3
DA:226,14
DA:227,15
DA:228,15
DA:229,14
DA:230,14
DA:231,4
DA:232,14
DA:233,3
DA:234,3
DA:235,14
DA:236,15
DA:237,15
DA:238,15
DA:239,15
DA:240,3
DA:241,3
DA:242,15
DA:243,15
DA:244,15
DA:245,14
DA:246,14
DA:247,3
DA:248,3
DA:249,14
DA:250,15
DA:251,15
DA:252,15
DA:253,15
DA:254,15
DA:255,15
DA:256,15
DA:257,1
DA:258,1
DA:259,8
DA:260,8
DA:261,8
DA:262,8
DA:263,8
DA:264,8
DA:265,8
DA:266,8
DA:267,8
DA:268,8
DA:269,8
DA:270,8
DA:271,8
DA:272,8
DA:273,8
DA:274,1
DA:275,1
DA:276,6
DA:277,6
DA:278,6
DA:279,6
DA:280,6
DA:281,6
DA:282,6
DA:283,6
DA:284,6
DA:285,61
DA:286,61
DA:287,61
DA:288,61
DA:289,61
DA:290,6
DA:291,6
DA:292,6
DA:293,6
DA:294,6
DA:295,6
DA:296,6
DA:297,6
DA:298,6
DA:299,6
DA:300,6
DA:301,6
DA:302,6
DA:303,6
DA:304,6
DA:305,6
DA:306,6
DA:307,6
DA:308,6
DA:309,6
DA:310,6
DA:311,6
DA:312,6
DA:313,6
DA:314,1
DA:315,1
DA:316,4
DA:317,16
DA:318,16
DA:319,4
DA:320,4
DA:321,4
DA:322,26
DA:323,26
DA:324,4
DA:325,4
DA:326,4
DA:327,4
DA:328,4
DA:329,4
DA:330,4
DA:331,4
DA:332,4
LF:332
LH:332
BRDA:150,0,0,111
BRDA:151,1,0,97
BRDA:151,2,0,14
BRDA:154,3,0,11
BRDA:158,4,0,10
BRDA:162,5,0,15
BRDA:166,6,0,15
BRDA:167,7,0,10
BRDA:169,8,0,5
BRDA:174,9,0,6
BRDA:178,10,0,39
BRDA:179,11,0,367
BRDA:182,12,0,14
BRDA:186,13,0,15
BRDA:192,14,0,3
BRDA:192,15,0,14
BRDA:194,16,0,5
BRDA:199,17,0,3
BRDA:199,18,0,14
BRDA:201,19,0,3
BRDA:203,20,0,11
BRDA:203,21,0,1
BRDA:205,22,0,10
BRDA:205,23,0,6
BRDA:205,24,0,3
BRDA:210,25,0,3
BRDA:210,26,0,14
BRDA:212,27,0,11
BRDA:212,28,0,4
BRDA:214,29,0,10
BRDA:214,30,0,1
BRDA:219,31,0,3
BRDA:219,32,0,14
BRDA:221,33,0,3
BRDA:223,34,0,11
BRDA:223,35,0,3
BRDA:228,36,0,3
BRDA:228,37,0,14
BRDA:230,38,0,4
BRDA:232,39,0,10
BRDA:232,40,0,3
BRDA:237,41,0,2
BRDA:239,42,0,3
BRDA:244,43,0,3
BRDA:244,44,0,14
BRDA:246,45,0,3
BRDA:258,46,0,8
BRDA:263,47,0,7
BRDA:263,48,0,1
BRDA:269,49,0,2
BRDA:270,50,0,2
BRDA:275,51,0,6
BRDA:276,52,0,2
BRDA:277,53,0,2
BRDA:278,54,0,5
BRDA:278,55,0,1
BRDA:280,56,0,5
BRDA:280,57,0,4
BRDA:280,58,0,2
BRDA:281,59,0,3
BRDA:282,60,0,4
BRDA:293,61,0,1
BRDA:293,62,0,5
BRDA:294,63,0,2
BRDA:294,64,0,4
BRDA:284,65,0,61
BRDA:285,66,0,24
BRDA:288,67,0,36
BRDA:289,68,0,45
BRDA:315,69,0,4
BRDA:316,70,0,16
BRDA:317,71,0,104
BRDA:321,72,0,26
BRDA:322,73,0,22
BRDA:328,74,0,26
BRF:75
BRH:75
end_of_record
TN:
SF:server\http\app.js
FN:29,writeJson
FN:39,readJsonBody
FN:58,resolveRoute
FN:112,readOwnerEmail
FN:125,normalizeError
FN:163,resolveActionLabel
FN:188,getSessionIdFromRequest
FN:194,createApp
FN:277,listen
FN:285,close
FNF:10
FNH:10
FNDA:25,writeJson
FNDA:12,readJsonBody
FNDA:23,resolveRoute
FNDA:25,readOwnerEmail
FNDA:8,normalizeError
FNDA:16,resolveActionLabel
FNDA:6,getSessionIdFromRequest
FNDA:10,createApp
FNDA:10,listen
FNDA:13,close
DA:1,1
DA:2,1
DA:3,1
DA:4,1
DA:5,1
DA:6,1
DA:7,1
DA:8,1
DA:9,1
DA:10,1
DA:11,1
DA:12,1
DA:13,1
DA:14,1
DA:15,1
DA:16,1
DA:17,1
DA:18,1
DA:19,1
DA:20,1
DA:21,1
DA:22,1
DA:23,1
DA:24,1
DA:25,1
DA:26,1
DA:27,1
DA:28,1
DA:29,25
DA:30,25
DA:31,25
DA:32,25
DA:33,25
DA:34,25
DA:35,25
DA:36,25
DA:37,25
DA:38,1
DA:39,12
DA:40,12
DA:41,12
DA:42,12
DA:43,8
DA:44,8
DA:45,12
DA:46,12
DA:47,4
DA:48,4
DA:49,8
DA:50,8
DA:51,12
DA:52,1
DA:53,1
DA:54,7
DA:55,7
DA:56,7
DA:57,1
DA:58,23
DA:59,23
DA:60,23
DA:61,23
DA:62,1
DA:63,1
DA:64,1
DA:65,1
DA:66,1
DA:67,1
DA:68,1
DA:69,1
DA:70,1
DA:71,1
DA:72,1
DA:73,1
DA:74,1
DA:75,1
DA:76,1
DA:77,1
DA:78,1
DA:79,1
DA:80,1
DA:81,1
DA:82,1
DA:83,1
DA:84,1
DA:85,22
DA:86,22
DA:87,22
DA:88,22
DA:89,22
DA:90,22
DA:91,22
DA:92,22
DA:93,22
DA:94,22
DA:95,22
DA:96,22
DA:97,23
DA:98,120
DA:99,120
DA:100,14
DA:101,14
DA:102,120
DA:103,1
DA:104,1
DA:105,1
DA:106,1
DA:107,1
DA:108,1
DA:109,1
DA:110,1
DA:111,1
DA:112,1
DA:113,25
DA:114,25
DA:115,2
DA:116,2
DA:117,23
DA:118,25
DA:119,20
DA:120,20
DA:121,3
DA:122,3
DA:123,3
DA:124,1
DA:125,8
DA:126,8
DA:127,4
DA:128,4
DA:129,4
DA:130,4
DA:131,4
DA:132,4
DA:133,4
DA:134,4
DA:135,4
DA:136,8
DA:137,2
DA:138,2
DA:139,2
DA:140,2
DA:141,2
DA:142,2
DA:143,2
DA:144,2
DA:145,8
DA:146,1
DA:147,1
DA:148,1
DA:149,1
DA:150,1
DA:151,1
DA:152,1
DA:153,1
DA:154,1
DA:155,1
DA:156,1
DA:157,1
DA:158,1
DA:159,1
DA:160,1
DA:161,1
DA:162,1
DA:163,1
DA:164,16
DA:165,16
DA:166,16
DA:167,16
DA:168,16
DA:169,16
DA:170,16
DA:171,16
DA:172,16
DA:173,16
DA:174,16
DA:175,16
DA:176,16
DA:177,16
DA:178,16
DA:179,16
DA:180,3
DA:181,3
DA:182,1
DA:183,1
DA:184,1
DA:185,1
DA:186,1
DA:187,1
DA:188,1
DA:189,6
DA:190,6
DA:191,6
DA:192,6
DA:193,1
DA:194,1
DA:195,10
DA:196,10
DA:197,8
DA:198,8
DA:199,8
DA:200,10
DA:201,10
DA:202,10
DA:203,10
DA:204,10
DA:205,10
DA:206,10
DA:207,10
DA:208,10
DA:209,10
DA:210,10
DA:211,10
DA:212,1
DA:213,6
DA:214,5
DA:215,5
DA:216,5
DA:217,5
DA:218,5
DA:219,5
DA:220,5
DA:221,5
DA:222,1
DA:223,1
DA:224,10
DA:225,10
DA:226,25
DA:227,1
DA:228,1
DA:229,1
DA:230,24
DA:231,24
DA:232,24
DA:233,24
DA:234,25
DA:235,25
DA:236,25
DA:237,25
DA:238,25
DA:239,25
DA:240,25
DA:241,25
DA:242,25
DA:243,25
DA:244,25
DA:245,25
DA:246,25
DA:247,25
DA:248,25
DA:249,25
DA:250,25
DA:251,25
DA:252,25
DA:253,25
DA:254,16
DA:255,16
DA:256,16
DA:257,16
DA:258,25
DA:259,6
DA:260,6
DA:261,6
DA:262,6
DA:263,6
DA:264,6
DA:265,16
DA:266,16
DA:267,25
DA:268,8
DA:269,8
DA:270,8
DA:271,10
DA:272,10
DA:273,10
DA:274,10
DA:275,10
DA:276,10
DA:277,10
DA:278,10
DA:279,10
DA:280,10
DA:281,10
DA:282,10
DA:283,10
DA:284,10
DA:285,10
DA:286,13
DA:287,2
DA:288,2
DA:289,11
DA:290,11
DA:291,11
DA:292,11
DA:293,1
DA:294,1
DA:295,1
DA:296,10
DA:297,10
DA:298,11
DA:299,11
DA:300,10
DA:301,10
DA:302,10
LF:302
LH:302
BRDA:29,0,0,25
BRDA:39,1,0,12
BRDA:42,2,0,8
BRDA:46,3,0,4
BRDA:48,4,0,8
BRDA:51,5,0,1
BRDA:53,6,0,7
BRDA:58,7,0,23
BRDA:61,8,0,10
BRDA:61,9,0,1
BRDA:84,10,0,22
BRDA:97,11,0,120
BRDA:98,12,0,113
BRDA:99,13,0,14
BRDA:102,14,0,1
BRDA:112,15,0,25
BRDA:114,16,0,2
BRDA:115,17,0,1
BRDA:116,18,0,23
BRDA:118,19,0,20
BRDA:118,20,0,20
BRDA:120,21,0,3
BRDA:125,22,0,8
BRDA:126,23,0,4
BRDA:136,24,0,2
BRDA:145,25,0,1
BRDA:163,26,0,16
BRDA:164,27,0,6
BRDA:165,28,0,2
BRDA:165,29,0,14
BRDA:166,30,0,4
BRDA:167,31,0,2
BRDA:167,32,0,12
BRDA:168,33,0,2
BRDA:169,34,0,1
BRDA:169,35,0,11
BRDA:170,36,0,3
BRDA:170,37,0,2
BRDA:170,38,0,9
BRDA:171,39,0,1
BRDA:171,40,0,1
BRDA:171,41,0,8
BRDA:172,42,0,3
BRDA:172,43,0,5
BRDA:173,44,0,1
BRDA:173,45,0,4
BRDA:174,46,0,1
BRDA:174,47,0,3
BRDA:175,48,0,0
BRDA:175,49,0,0
BRDA:175,50,0,3
BRDA:176,51,0,0
BRDA:176,52,0,0
BRDA:176,53,0,3
BRDA:177,54,0,0
BRDA:177,55,0,0
BRDA:177,56,0,3
BRDA:178,57,0,0
BRDA:179,58,0,0
BRDA:179,59,0,3
BRDA:188,60,0,6
BRDA:190,61,0,0
BRDA:191,62,0,0
BRDA:194,63,0,10
BRDA:196,64,0,8
BRDA:202,65,0,9
BRDA:206,66,0,9
BRDA:207,67,0,9
BRDA:208,68,0,9
BRDA:211,69,0,1
BRDA:212,70,0,6
BRDA:213,71,0,5
BRDA:214,72,0,1
BRDA:215,73,0,2
BRDA:215,74,0,3
BRDA:216,75,0,1
BRDA:217,76,0,1
BRDA:218,77,0,2
BRDA:225,78,0,25
BRDA:226,79,0,1
BRDA:229,80,0,24
BRDA:234,81,0,15
BRDA:234,82,0,13
BRDA:235,83,0,12
BRDA:235,84,0,11
BRDA:236,85,0,12
BRDA:253,86,0,16
BRDA:258,87,0,6
BRDA:258,88,0,6
BRDA:258,89,0,6
BRDA:264,90,0,16
BRDA:267,91,0,8
BRDA:277,92,0,10
BRDA:278,93,0,10
BRDA:285,94,0,13
BRDA:286,95,0,2
BRDA:288,96,0,11
BRDA:299,97,0,10
BRDA:290,98,0,11
BRDA:291,99,0,11
BRDA:292,100,0,1
BRDA:295,101,0,10
BRF:102
BRH:92
end_of_record
TN:
SF:server\middleware\behavior-detection.js
FN:90,flagUser
FN:123,detectMaliciousBehavior
FNF:2
FNH:2
FNDA:17,flagUser
FNDA:34,detectMaliciousBehavior
DA:1,1
DA:2,1
DA:3,1
DA:4,1
DA:5,1
DA:6,1
DA:7,1
DA:8,1
DA:9,1
DA:10,1
DA:11,1
DA:12,1
DA:13,1
DA:14,1
DA:15,1
DA:16,1
DA:17,1
DA:18,1
DA:19,1
DA:20,1
DA:21,1
DA:22,1
DA:23,1
DA:24,1
DA:25,1
DA:26,1
DA:27,1
DA:28,1
DA:29,1
DA:30,1
DA:31,1
DA:32,1
DA:33,1
DA:34,1
DA:35,1
DA:36,1
DA:37,1
DA:38,1
DA:39,1
DA:40,1
DA:41,1
DA:42,1
DA:43,1
DA:44,1
DA:45,1
DA:46,1
DA:47,1
DA:48,1
DA:49,1
DA:50,1
DA:51,1
DA:52,1
DA:53,1
DA:54,1
DA:55,1
DA:56,1
DA:57,1
DA:58,1
DA:59,1
DA:60,1
DA:61,1
DA:62,1
DA:63,1
DA:64,1
DA:65,1
DA:66,1
DA:67,1
DA:68,1
DA:69,1
DA:70,1
DA:71,1
DA:72,1
DA:73,1
DA:74,1
DA:75,1
DA:76,1
DA:77,1
DA:78,1
DA:79,1
DA:80,1
DA:81,1
DA:82,1
DA:83,1
DA:84,1
DA:85,1
DA:86,1
DA:87,1
DA:88,1
DA:89,1
DA:90,17
DA:91,17
DA:92,17
DA:93,17
DA:94,17
DA:95,17
DA:96,17
DA:97,17
DA:98,17
DA:99,17
DA:100,17
DA:101,17
DA:102,17
DA:103,17
DA:104,17
DA:105,17
DA:106,17
DA:107,17
DA:108,17
DA:109,17
DA:110,17
DA:111,17
DA:112,1
DA:113,1
DA:114,1
DA:115,1
DA:116,1
DA:117,1
DA:118,1
DA:119,1
DA:120,1
DA:121,1
DA:122,1
DA:123,1
DA:124,34
DA:125,31
DA:126,31
DA:127,31
DA:128,34
DA:129,27
DA:130,27
DA:131,27
DA:132,27
DA:133,27
DA:134,27
DA:135,23
DA:136,15
DA:137,15
DA:138,27
DA:139,5
DA:140,5
DA:141,27
DA:142,31
DA:143,31
DA:144,34
DA:145,3
DA:146,3
DA:147,3
DA:148,3
DA:149,3
DA:150,3
DA:151,2
DA:152,2
DA:153,2
DA:154,2
DA:155,2
DA:156,2
DA:157,2
DA:158,2
DA:159,2
DA:160,2
DA:161,3
DA:162,1
DA:163,1
DA:164,3
DA:165,34
LF:165
LH:165
BRDA:90,0,0,17
BRDA:92,1,0,5
BRDA:92,2,0,12
BRDA:96,3,0,5
BRDA:96,4,0,2
BRDA:96,5,0,15
BRDA:98,6,0,16
BRDA:99,7,0,1
BRDA:102,8,0,3
BRDA:102,9,0,14
BRDA:107,10,0,2
BRDA:123,11,0,34
BRDA:124,12,0,33
BRDA:124,13,0,32
BRDA:124,14,0,3
BRDA:124,15,0,31
BRDA:128,16,0,27
BRDA:134,17,0,23
BRDA:134,18,0,22
BRDA:135,19,0,15
BRDA:138,20,0,5
BRDA:141,21,0,31
BRDA:144,22,0,7
BRDA:144,23,0,3
BRDA:150,24,0,2
BRDA:161,25,0,1
BRF:26
BRH:26
end_of_record
TN:
SF:server\middleware\logger.js
FN:18,logAction
FN:41,getIpAddress
FNF:2
FNH:2
FNDA:18,logAction
FNDA:11,getIpAddress
DA:1,1
DA:2,1
DA:3,1
DA:4,1
DA:5,1
DA:6,1
DA:7,1
DA:8,1
DA:9,1
DA:10,1
DA:11,1
DA:12,1
DA:13,1
DA:14,1
DA:15,1
DA:16,1
DA:17,1
DA:18,1
DA:19,18
DA:20,16
DA:21,16
DA:22,16
DA:23,16
DA:24,16
DA:25,18
DA:26,18
DA:27,18
DA:28,18
DA:29,18
DA:30,18
DA:31,18
DA:32,1
DA:33,1
DA:34,18
DA:35,1
DA:36,1
DA:37,1
DA:38,1
DA:39,1
DA:40,1
DA:41,1
DA:42,11
DA:43,11
DA:44,2
DA:45,2
DA:46,2
DA:47,11
DA:48,11
LF:48
LH:48
BRDA:18,0,0,18
BRDA:19,1,0,17
BRDA:19,2,0,2
BRDA:19,3,0,16
BRDA:25,4,0,1
BRDA:25,5,0,15
BRDA:30,6,0,15
BRDA:31,7,0,1
BRDA:41,8,0,11
BRDA:43,9,0,2
BRDA:44,10,0,1
BRDA:44,11,0,1
BRDA:46,12,0,9
BRDA:47,13,0,8
BRDA:47,14,0,2
BRF:15
BRH:15
end_of_record
TN:
SF:server\repositories\in-memory-appointments-repository.js
FN:4,InMemoryAppointmentsRepository
FN:8,getAll
FN:12,getById
FN:17,create
FN:22,update
FN:32,delete
FNF:6
FNH:6
FNDA:17,InMemoryAppointmentsRepository
FNDA:7,getAll
FNDA:14,getById
FNDA:2,create
FNDA:4,update
FNDA:4,delete
DA:1,1
DA:2,1
DA:3,1
DA:4,1
DA:5,17
DA:6,17
DA:7,1
DA:8,1
DA:9,7
DA:10,7
DA:11,1
DA:12,1
DA:13,14
DA:14,14
DA:15,14
DA:16,1
DA:17,1
DA:18,2
DA:19,2
DA:20,2
DA:21,1
DA:22,1
DA:23,4
DA:24,4
DA:25,1
DA:26,1
DA:27,3
DA:28,3
DA:29,3
DA:30,4
DA:31,1
DA:32,1
DA:33,4
DA:34,4
DA:35,1
DA:36,1
DA:37,3
DA:38,3
DA:39,3
DA:40,4
DA:41,1
LF:41
LH:41
BRDA:4,0,0,17
BRDA:8,1,0,7
BRDA:12,2,0,14
BRDA:14,3,0,9
BRDA:14,4,0,5
BRDA:13,5,0,34
BRDA:17,6,0,2
BRDA:22,7,0,4
BRDA:24,8,0,1
BRDA:26,9,0,3
BRDA:23,10,0,3
BRDA:32,11,0,4
BRDA:34,12,0,1
BRDA:36,13,0,3
BRDA:33,14,0,4
BRF:15
BRH:15
end_of_record
TN:
SF:server\repositories\logs-repository.js
FN:9,LogsRepository
FN:17,create
FN:27,findAll
FN:39,findAllFiltered
FN:61,findByUserId
FN:77,countRecentByUserAndAction
FN:92,countRecentByIpAndAction
FN:104,getStats
FNF:8
FNH:8
FNDA:18,LogsRepository
FNDA:4,create
FNDA:2,findAll
FNDA:5,findAllFiltered
FNDA:2,findByUserId
FNDA:1,countRecentByUserAndAction
FNDA:2,countRecentByIpAndAction
FNDA:2,getStats
DA:1,1
DA:2,1
DA:3,1
DA:4,1
DA:5,1
DA:6,1
DA:7,1
DA:8,1
DA:9,1
DA:10,18
DA:11,18
DA:12,1
DA:13,1
DA:14,1
DA:15,1
DA:16,1
DA:17,1
DA:18,4
DA:19,4
DA:20,4
DA:21,4
DA:22,1
DA:23,1
DA:24,1
DA:25,1
DA:26,1
DA:27,1
DA:28,2
DA:29,2
DA:30,2
DA:31,2
DA:32,2
DA:33,2
DA:34,1
DA:35,1
DA:36,1
DA:37,1
DA:38,1
DA:39,1
DA:40,5
DA:41,5
DA:42,5
DA:43,5
DA:44,1
DA:45,1
DA:46,1
DA:47,1
DA:48,5
DA:49,5
DA:50,5
DA:51,5
DA:52,5
DA:53,5
DA:54,5
DA:55,1
DA:56,1
DA:57,1
DA:58,1
DA:59,1
DA:60,1
DA:61,1
DA:62,2
DA:63,2
DA:64,2
DA:65,2
DA:66,2
DA:67,2
DA:68,1
DA:69,1
DA:70,1
DA:71,1
DA:72,1
DA:73,1
DA:74,1
DA:75,1
DA:76,1
DA:77,1
DA:78,1
DA:79,1
DA:80,1
DA:81,1
DA:82,1
DA:83,1
DA:84,1
DA:85,1
DA:86,1
DA:87,1
DA:88,1
DA:89,1
DA:90,1
DA:91,1
DA:92,1
DA:93,2
DA:94,2
DA:95,2
DA:96,2
DA:97,2
DA:98,1
DA:99,1
DA:100,1
DA:101,1
DA:102,1
DA:103,1
DA:104,1
DA:105,2
DA:106,2
DA:107,2
DA:108,2
DA:109,2
DA:110,2
DA:111,2
DA:112,1
LF:112
LH:112
BRDA:9,0,0,18
BRDA:17,1,0,4
BRDA:27,2,0,2
BRDA:39,3,0,5
BRDA:41,4,0,1
BRDA:42,5,0,1
BRDA:43,6,0,4
BRDA:43,7,0,1
BRDA:61,8,0,2
BRDA:77,9,0,1
BRDA:92,10,0,2
BRDA:104,11,0,2
BRF:12
BRH:12
end_of_record
TN:
SF:server\repositories\prisma-appointments-repository.js
FN:13,mapRecord
FN:35,resolveServiceId
FN:53,PrismaAppointmentsRepository
FN:61,getAll
FN:74,getById
FN:88,create
FN:118,update
FN:150,delete
FNF:8
FNH:8
FNDA:7,mapRecord
FNDA:5,resolveServiceId
FNDA:11,PrismaAppointmentsRepository
FNDA:2,getAll
FNDA:2,getById
FNDA:2,create
FNDA:3,update
FNDA:2,delete
DA:1,1
DA:2,1
DA:3,1
DA:4,1
DA:5,1
DA:6,1
DA:7,1
DA:8,1
DA:9,1
DA:10,1
DA:11,1
DA:12,1
DA:13,7
DA:14,7
DA:15,7
DA:16,7
DA:17,7
DA:18,7
DA:19,7
DA:20,7
DA:21,7
DA:22,7
DA:23,7
DA:24,7
DA:25,7
DA:26,7
DA:27,1
DA:28,1
DA:29,1
DA:30,1
DA:31,1
DA:32,1
DA:33,1
DA:34,1
DA:35,5
DA:36,5
DA:37,5
DA:38,5
DA:39,5
DA:40,5
DA:41,5
DA:42,5
DA:43,1
DA:44,1
DA:45,1
DA:46,1
DA:47,1
DA:48,1
DA:49,1
DA:50,1
DA:51,1
DA:52,1
DA:53,1
DA:54,11
DA:55,11
DA:56,1
DA:57,1
DA:58,1
DA:59,1
DA:60,1
DA:61,1
DA:62,2
DA:63,2
DA:64,2
DA:65,2
DA:66,2
DA:67,2
DA:68,1
DA:69,1
DA:70,1
DA:71,1
DA:72,1
DA:73,1
DA:74,1
DA:75,2
DA:76,2
DA:77,2
DA:78,2
DA:79,2
DA:80,2
DA:81,1
DA:82,1
DA:83,1
DA:84,1
DA:85,1
DA:86,1
DA:87,1
DA:88,1
DA:89,2
DA:90,2
DA:91,2
DA:92,2
DA:93,2
DA:94,2
DA:95,2
DA:96,2
DA:97,2
DA:98,2
DA:99,2
DA:100,2
DA:101,2
DA:102,2
DA:103,2
DA:104,2
DA:105,2
DA:106,2
DA:107,2
DA:108,2
DA:109,2
DA:110,1
DA:111,1
DA:112,1
DA:113,1
DA:114,1
DA:115,1
DA:116,1
DA:117,1
DA:118,1
DA:119,3
DA:120,3
DA:121,3
DA:122,3
DA:123,3
DA:124,3
DA:125,3
DA:126,3
DA:127,3
DA:128,3
DA:129,3
DA:130,3
DA:131,3
DA:132,3
DA:133,3
DA:134,3
DA:135,3
DA:136,3
DA:137,3
DA:138,2
DA:139,3
DA:140,1
DA:141,1
DA:142,3
DA:143,1
DA:144,1
DA:145,1
DA:146,1
DA:147,1
DA:148,1
DA:149,1
DA:150,1
DA:151,2
DA:152,2
DA:153,2
DA:154,2
DA:155,2
DA:156,1
DA:157,1
DA:158,1
DA:159,1
DA:160,2
DA:161,1
LF:161
LH:161
BRDA:13,0,0,7
BRDA:35,1,0,5
BRDA:53,2,0,11
BRDA:61,3,0,2
BRDA:74,4,0,2
BRDA:79,5,0,1
BRDA:79,6,0,1
BRDA:88,7,0,2
BRDA:101,8,0,1
BRDA:102,9,0,1
BRDA:118,10,0,3
BRDA:132,11,0,1
BRDA:133,12,0,1
BRDA:137,13,0,2
BRDA:139,14,0,1
BRDA:150,15,0,2
BRDA:155,16,0,1
BRF:17
BRH:17
end_of_record
TN:
SF:server\repositories\suspicious-users-repository.js
FN:11,SuspiciousUsersRepository
FN:16,findAll
FN:24,findByUserId
FN:36,upsert
FN:48,resolve
FNF:5
FNH:5
FNDA:9,SuspiciousUsersRepository
FNDA:1,findAll
FNDA:2,findByUserId
FNDA:4,upsert
FNDA:2,resolve
DA:1,1
DA:2,1
DA:3,1
DA:4,1
DA:5,1
DA:6,1
DA:7,1
DA:8,1
DA:9,1
DA:10,1
DA:11,1
DA:12,9
DA:13,9
DA:14,1
DA:15,1
DA:16,1
DA:17,1
DA:18,1
DA:19,1
DA:20,1
DA:21,1
DA:22,1
DA:23,1
DA:24,1
DA:25,2
DA:26,2
DA:27,2
DA:28,2
DA:29,2
DA:30,1
DA:31,1
DA:32,1
DA:33,1
DA:34,1
DA:35,1
DA:36,1
DA:37,4
DA:38,4
DA:39,4
DA:40,4
DA:41,4
DA:42,4
DA:43,1
DA:44,1
DA:45,1
DA:46,1
DA:47,1
DA:48,1
DA:49,2
DA:50,2
DA:51,2
DA:52,2
DA:53,2
DA:54,2
DA:55,1
DA:56,1
DA:57,2
DA:58,1
LF:58
LH:58
BRDA:11,0,0,9
BRDA:16,1,0,1
BRDA:24,2,0,2
BRDA:36,3,0,4
BRDA:48,4,0,2
BRDA:54,5,0,1
BRF:6
BRH:6
end_of_record
TN:
SF:server\repositories\users-repository.js
FN:15,mapUser
FN:32,UsersRepository
FN:37,findByEmail
FN:46,findById
FN:52,findAll
FN:64,create
FN:79,getRoleByName
FN:88,getPermissionsForRole
FNF:8
FNH:8
FNDA:9,mapUser
FNDA:14,UsersRepository
FNDA:3,findByEmail
FNDA:4,findById
FNDA:1,findAll
FNDA:2,create
FNDA:2,getRoleByName
FNDA:2,getPermissionsForRole
DA:1,1
DA:2,1
DA:3,1
DA:4,1
DA:5,1
DA:6,1
DA:7,1
DA:8,1
DA:9,1
DA:10,1
DA:11,1
DA:12,1
DA:13,1
DA:14,1
DA:15,9
DA:16,9
DA:17,9
DA:18,9
DA:19,9
DA:20,9
DA:21,9
DA:22,9
DA:23,9
DA:24,9
DA:25,9
DA:26,9
DA:27,9
DA:28,1
DA:29,1
DA:30,1
DA:31,1
DA:32,1
DA:33,14
DA:34,14
DA:35,1
DA:36,1
DA:37,1
DA:38,3
DA:39,3
DA:40,3
DA:41,3
DA:42,3
DA:43,3
DA:44,1
DA:45,1
DA:46,1
DA:47,4
DA:48,4
DA:49,4
DA:50,1
DA:51,1
DA:52,1
DA:53,1
DA:54,1
DA:55,1
DA:56,1
DA:57,1
DA:58,1
DA:59,1
DA:60,1
DA:61,1
DA:62,1
DA:63,1
DA:64,1
DA:65,2
DA:66,2
DA:67,2
DA:68,2
DA:69,2
DA:70,2
DA:71,2
DA:72,2
DA:73,2
DA:74,2
DA:75,2
DA:76,2
DA:77,1
DA:78,1
DA:79,1
DA:80,2
DA:81,2
DA:82,1
DA:83,1
DA:84,1
DA:85,1
DA:86,1
DA:87,1
DA:88,1
DA:89,2
DA:90,2
DA:91,2
DA:92,2
DA:93,2
DA:94,1
DA:95,2
DA:96,1
LF:96
LH:96
BRDA:15,0,0,9
BRDA:16,1,0,8
BRDA:16,2,0,1
BRDA:24,3,0,8
BRDA:25,4,0,1
BRDA:32,5,0,14
BRDA:37,6,0,3
BRDA:42,7,0,2
BRDA:42,8,0,1
BRDA:46,9,0,4
BRDA:48,10,0,3
BRDA:48,11,0,1
BRDA:52,12,0,1
BRDA:64,13,0,2
BRDA:79,14,0,2
BRDA:88,15,0,2
BRDA:93,16,0,1
BRDA:94,17,0,1
BRF:18
BRH:18
end_of_record
TN:
SF:server\routes\admin-routes.js
FN:13,requireAdmin
FN:24,handleAdminRoutes
FN:114,userRole
FNF:3
FNH:3
FNDA:21,requireAdmin
FNDA:44,handleAdminRoutes
FNDA:4,userRole
DA:1,1
DA:2,1
DA:3,1
DA:4,1
DA:5,1
DA:6,1
DA:7,1
DA:8,1
DA:9,1
DA:10,1
DA:11,1
DA:12,1
DA:13,21
DA:14,21
DA:15,21
DA:16,1
DA:17,1
DA:18,21
DA:19,1
DA:20,1
DA:21,19
DA:22,19
DA:23,1
DA:24,1
DA:25,44
DA:26,44
DA:27,44
DA:28,44
DA:29,21
DA:30,21
DA:31,21
DA:32,22
DA:33,19
DA:34,19
DA:35,44
DA:36,2
DA:37,1
DA:38,1
DA:39,1
DA:40,1
DA:41,1
DA:42,1
DA:43,1
DA:44,2
DA:45,2
DA:46,2
DA:47,2
DA:48,2
DA:49,1
DA:50,1
DA:51,1
DA:52,1
DA:53,17
DA:54,17
DA:55,17
DA:56,44
DA:57,2
DA:58,1
DA:59,1
DA:60,1
DA:61,2
DA:62,2
DA:63,2
DA:64,1
DA:65,1
DA:66,15
DA:67,15
DA:68,44
DA:69,3
DA:70,1
DA:71,1
DA:72,2
DA:73,2
DA:74,3
DA:75,3
DA:76,3
DA:77,3
DA:78,3
DA:79,3
DA:80,3
DA:81,3
DA:82,3
DA:83,3
DA:84,2
DA:85,2
DA:86,12
DA:87,12
DA:88,44
DA:89,3
DA:90,3
DA:91,3
DA:92,2
DA:93,2
DA:94,2
DA:95,2
DA:96,3
DA:97,2
DA:98,2
DA:99,2
DA:100,3
DA:101,2
DA:102,2
DA:103,2
DA:104,3
DA:105,3
DA:106,3
DA:107,9
DA:108,9
DA:109,44
DA:110,5
DA:111,1
DA:112,1
DA:113,4
DA:114,4
DA:115,4
DA:116,4
DA:117,4
DA:118,4
DA:119,4
DA:120,4
DA:121,4
DA:122,4
DA:123,4
DA:124,4
DA:125,4
DA:126,4
DA:127,4
DA:128,4
DA:129,4
DA:130,4
DA:131,4
DA:132,4
DA:133,4
DA:134,4
DA:135,4
DA:136,4
DA:137,44
DA:138,3
DA:139,1
DA:140,1
DA:141,2
DA:142,2
DA:143,3
DA:144,1
DA:145,1
DA:146,1
DA:147,1
DA:148,1
DA:149,1
DA:150,1
DA:151,1
DA:152,1
DA:153,1
LF:153
LH:153
BRDA:13,0,0,21
BRDA:15,1,0,1
BRDA:17,2,0,20
BRDA:18,3,0,1
BRDA:20,4,0,19
BRDA:24,5,0,44
BRDA:28,6,0,23
BRDA:28,7,0,22
BRDA:28,8,0,21
BRDA:32,9,0,2
BRDA:32,10,0,19
BRDA:35,11,0,2
BRDA:35,12,0,22
BRDA:35,13,0,2
BRDA:36,14,0,1
BRDA:52,15,0,17
BRDA:56,16,0,2
BRDA:56,17,0,22
BRDA:56,18,0,2
BRDA:57,19,0,1
BRDA:62,20,0,0
BRDA:62,21,0,1
BRDA:63,22,0,1
BRDA:65,23,0,15
BRDA:68,24,0,3
BRDA:68,25,0,22
BRDA:68,26,0,3
BRDA:69,27,0,1
BRDA:71,28,0,2
BRDA:74,29,0,1
BRDA:75,30,0,2
BRDA:75,31,0,1
BRDA:76,32,0,2
BRDA:76,33,0,2
BRDA:77,34,0,2
BRDA:77,35,0,2
BRDA:78,36,0,2
BRDA:79,37,0,2
BRDA:80,38,0,1
BRDA:80,39,0,1
BRDA:81,40,0,1
BRDA:81,41,0,1
BRDA:83,42,0,2
BRDA:85,43,0,12
BRDA:88,44,0,3
BRDA:88,45,0,22
BRDA:88,46,0,3
BRDA:91,47,0,2
BRDA:96,48,0,2
BRDA:100,49,0,2
BRDA:106,50,0,9
BRDA:109,51,0,5
BRDA:109,52,0,22
BRDA:109,53,0,5
BRDA:110,54,0,1
BRDA:112,55,0,4
BRDA:133,56,0,4
BRDA:137,57,0,3
BRDA:137,58,0,22
BRDA:137,59,0,3
BRDA:138,60,0,1
BRDA:140,61,0,2
BRDA:143,62,0,1
BRDA:150,63,0,1
BRDA:43,64,0,2
BRDA:98,65,0,3
BRDA:114,66,0,4
BRDA:114,67,0,3
BRDA:114,68,0,1
BRDA:118,69,0,4
BRDA:127,70,0,0
BRF:71
BRH:69
end_of_record
TN:
SF:server\routes\appointments-routes.js
FN:1,handleAppointmentsRoutes
FNF:1
FNH:1
FNDA:26,handleAppointmentsRoutes
DA:1,1
DA:2,26
DA:3,26
DA:4,26
DA:5,3
DA:6,3
DA:7,3
DA:8,3
DA:9,3
DA:10,3
DA:11,3
DA:12,3
DA:13,2
DA:14,2
DA:15,23
DA:16,26
DA:17,6
DA:18,6
DA:19,6
DA:20,6
DA:21,2
DA:22,2
DA:23,2
DA:24,17
DA:25,17
DA:26,26
DA:27,7
DA:28,7
DA:29,10
DA:30,10
DA:31,10
DA:32,26
DA:33,3
DA:34,3
DA:35,3
DA:36,3
DA:37,1
DA:38,1
DA:39,1
DA:40,7
DA:41,26
DA:42,3
DA:43,3
DA:44,3
DA:45,3
DA:46,3
DA:47,3
DA:48,3
DA:49,4
DA:50,26
DA:51,2
DA:52,2
DA:53,2
DA:54,2
DA:55,2
DA:56,2
DA:57,2
DA:58,2
DA:59,2
DA:60,2
DA:61,2
DA:62,2
DA:63,2
DA:64,2
DA:65,2
LF:65
LH:65
BRDA:1,0,0,26
BRDA:4,1,0,9
BRDA:4,2,0,3
BRDA:12,3,0,2
BRDA:14,4,0,23
BRDA:16,5,0,6
BRDA:16,6,0,6
BRDA:20,7,0,3
BRDA:20,8,0,2
BRDA:23,9,0,17
BRDA:26,10,0,7
BRDA:28,11,0,10
BRDA:32,12,0,3
BRDA:36,13,0,1
BRDA:39,14,0,7
BRDA:41,15,0,23
BRDA:41,16,0,3
BRDA:45,17,0,2
BRDA:48,18,0,4
BRDA:50,19,0,2
BRF:20
BRH:20
end_of_record
TN:
SF:server\routes\auth-routes.js
FN:16,handleAuthRoutes
FNF:1
FNH:1
FNDA:53,handleAuthRoutes
DA:1,1
DA:2,1
DA:3,1
DA:4,1
DA:5,1
DA:6,1
DA:7,1
DA:8,1
DA:9,1
DA:10,1
DA:11,1
DA:12,1
DA:13,1
DA:14,1
DA:15,1
DA:16,1
DA:17,53
DA:18,53
DA:19,53
DA:20,53
DA:21,30
DA:22,30
DA:23,53
DA:24,8
DA:25,8
DA:26,8
DA:27,2
DA:28,2
DA:29,2
DA:30,2
DA:31,2
DA:32,8
DA:33,1
DA:34,1
DA:35,1
DA:36,1
DA:37,1
DA:38,5
DA:39,8
DA:40,4
DA:41,4
DA:42,1
DA:43,1
DA:44,1
DA:45,1
DA:46,1
DA:47,3
DA:48,3
DA:49,4
DA:50,1
DA:51,1
DA:52,1
DA:53,1
DA:54,1
DA:55,2
DA:56,2
DA:57,2
DA:58,2
DA:59,2
DA:60,2
DA:61,2
DA:62,2
DA:63,2
DA:64,2
DA:65,2
DA:66,2
DA:67,4
DA:68,1
DA:69,1
DA:70,1
DA:71,2
DA:72,2
DA:73,2
DA:74,2
DA:75,2
DA:76,2
DA:77,2
DA:78,2
DA:79,2
DA:80,1
DA:81,1
DA:82,1
DA:83,1
DA:84,1
DA:85,1
DA:86,1
DA:87,1
DA:88,1
DA:89,1
DA:90,22
DA:91,22
DA:92,53
DA:93,14
DA:94,14
DA:95,14
DA:96,2
DA:97,2
DA:98,2
DA:99,2
DA:100,2
DA:101,12
DA:102,14
DA:103,2
DA:104,2
DA:105,2
DA:106,2
DA:107,2
DA:108,2
DA:109,2
DA:110,2
DA:111,2
DA:112,2
DA:113,2
DA:114,2
DA:115,2
DA:116,2
DA:117,2
DA:118,2
DA:119,2
DA:120,10
DA:121,10
DA:122,10
DA:123,14
DA:124,3
DA:125,3
DA:126,1
DA:127,1
DA:128,1
DA:129,1
DA:130,1
DA:131,1
DA:132,3
DA:133,3
DA:134,3
DA:135,3
DA:136,3
DA:137,7
DA:138,7
DA:139,7
DA:140,7
DA:141,14
DA:142,1
DA:143,1
DA:144,1
DA:145,7
DA:146,7
DA:147,7
DA:148,7
DA:149,7
DA:150,7
DA:151,7
DA:152,7
DA:153,7
DA:154,7
DA:155,8
DA:156,8
DA:157,53
DA:158,4
DA:159,4
DA:160,4
DA:161,4
DA:162,3
DA:163,3
DA:164,1
DA:165,1
DA:166,1
DA:167,1
DA:168,1
DA:169,1
DA:170,3
DA:171,3
DA:172,4
DA:173,4
DA:174,4
DA:175,4
DA:176,4
DA:177,53
DA:178,3
DA:179,3
DA:180,1
DA:181,1
DA:182,2
DA:183,2
DA:184,3
DA:185,3
DA:186,3
DA:187,3
DA:188,3
DA:189,3
DA:190,3
DA:191,3
DA:192,3
DA:193,3
DA:194,3
DA:195,3
DA:196,3
DA:197,3
DA:198,3
DA:199,3
DA:200,1
DA:201,1
DA:202,1
LF:202
LH:202
BRDA:16,0,0,53
BRDA:20,1,0,23
BRDA:20,2,0,31
BRDA:20,3,0,30
BRDA:23,4,0,8
BRDA:23,5,0,31
BRDA:23,6,0,8
BRDA:24,7,0,1
BRDA:26,8,0,7
BRDA:26,9,0,6
BRDA:26,10,0,2
BRDA:31,11,0,6
BRDA:32,12,0,1
BRDA:37,13,0,5
BRDA:39,14,0,4
BRDA:41,15,0,1
BRDA:46,16,0,3
BRDA:49,17,0,1
BRDA:54,18,0,2
BRDA:67,19,0,1
BRDA:70,20,0,2
BRDA:79,21,0,1
BRDA:89,22,0,22
BRDA:92,23,0,14
BRDA:92,24,0,31
BRDA:92,25,0,14
BRDA:93,26,0,1
BRDA:95,27,0,13
BRDA:95,28,0,2
BRDA:100,29,0,12
BRDA:102,30,0,2
BRDA:109,31,0,1
BRDA:109,32,0,1
BRDA:115,33,0,1
BRDA:115,34,0,1
BRDA:119,35,0,10
BRDA:123,36,0,9
BRDA:123,37,0,3
BRDA:125,38,0,1
BRDA:125,39,0,1
BRDA:136,40,0,7
BRDA:141,41,0,1
BRDA:144,42,0,7
BRDA:154,43,0,8
BRDA:157,44,0,4
BRDA:157,45,0,31
BRDA:157,46,0,4
BRDA:159,47,0,1
BRDA:159,48,0,3
BRDA:161,49,0,3
BRDA:163,50,0,1
BRDA:177,51,0,3
BRDA:177,52,0,31
BRDA:177,53,0,3
BRDA:179,54,0,1
BRDA:181,55,0,2
BRDA:184,56,0,1
BRDA:199,57,0,1
BRF:58
BRH:58
end_of_record
TN:
SF:server\routes\chat-routes.js
FN:13,handleChatRoutes
FNF:1
FNH:1
FNDA:33,handleChatRoutes
DA:1,1
DA:2,1
DA:3,1
DA:4,1
DA:5,1
DA:6,1
DA:7,1
DA:8,1
DA:9,1
DA:10,1
DA:11,1
DA:12,1
DA:13,1
DA:14,33
DA:15,33
DA:16,33
DA:17,10
DA:18,10
DA:19,33
DA:20,2
DA:21,2
DA:22,2
DA:23,8
DA:24,8
DA:25,33
DA:26,7
DA:27,7
DA:28,1
DA:29,1
DA:30,6
DA:31,7
DA:32,7
DA:33,2
DA:34,2
DA:35,4
DA:36,7
DA:37,7
DA:38,7
DA:39,7
DA:40,7
DA:41,7
DA:42,7
DA:43,3
DA:44,3
DA:45,4
DA:46,4
DA:47,4
DA:48,1
DA:49,1
DA:50,1
LF:50
LH:50
BRDA:13,0,0,33
BRDA:16,1,0,23
BRDA:16,2,0,10
BRDA:19,3,0,11
BRDA:19,4,0,2
BRDA:20,5,0,1
BRDA:20,6,0,1
BRDA:22,7,0,8
BRDA:25,8,0,11
BRDA:25,9,0,7
BRDA:27,10,0,1
BRDA:29,11,0,6
BRDA:31,12,0,5
BRDA:31,13,0,1
BRDA:32,14,0,2
BRDA:34,15,0,4
BRDA:36,16,0,3
BRDA:39,17,0,3
BRDA:40,18,0,1
BRDA:42,19,0,3
BRDA:44,20,0,4
BRDA:47,21,0,1
BRF:22
BRH:22
end_of_record
TN:
SF:server\routes\generator-routes.js
FN:23,randomFutureDate
FN:29,generateFakeAppointment
FN:44,handleGeneratorRoutes
FNF:3
FNH:3
FNDA:5,randomFutureDate
FNDA:5,generateFakeAppointment
FNDA:30,handleGeneratorRoutes
DA:1,1
DA:2,1
DA:3,1
DA:4,1
DA:5,1
DA:6,1
DA:7,1
DA:8,1
DA:9,1
DA:10,1
DA:11,1
DA:12,1
DA:13,1
DA:14,1
DA:15,1
DA:16,1
DA:17,1
DA:18,1
DA:19,1
DA:20,1
DA:21,1
DA:22,1
DA:23,5
DA:24,5
DA:25,5
DA:26,5
DA:27,5
DA:28,1
DA:29,5
DA:30,5
DA:31,5
DA:32,5
DA:33,5
DA:34,5
DA:35,5
DA:36,5
DA:37,5
DA:38,5
DA:39,5
DA:40,5
DA:41,5
DA:42,5
DA:43,1
DA:44,1
DA:45,30
DA:46,30
DA:47,30
DA:48,28
DA:49,30
DA:50,12
DA:51,12
DA:52,12
DA:53,12
DA:54,1
DA:55,1
DA:56,12
DA:57,12
DA:58,12
DA:59,12
DA:60,5
DA:61,5
DA:62,4
DA:63,4
DA:64,5
DA:65,5
DA:66,5
DA:67,1
DA:68,1
DA:69,12
DA:70,12
DA:71,12
DA:72,12
DA:73,12
DA:74,12
DA:75,12
DA:76,16
DA:77,30
DA:78,12
DA:79,11
DA:80,11
DA:81,11
DA:82,12
DA:83,11
DA:84,11
DA:85,12
DA:86,12
DA:87,4
DA:88,30
DA:89,3
DA:90,3
DA:91,3
DA:92,3
DA:93,3
DA:94,1
DA:95,1
DA:96,1
LF:96
LH:96
BRDA:23,0,0,5
BRDA:29,1,0,5
BRDA:39,2,0,3
BRDA:39,3,0,2
BRDA:44,4,0,30
BRDA:47,5,0,2
BRDA:47,6,0,28
BRDA:49,7,0,12
BRDA:49,8,0,12
BRDA:50,9,0,7
BRDA:53,10,0,1
BRDA:57,11,0,1
BRDA:75,12,0,28
BRDA:75,13,0,16
BRDA:77,14,0,12
BRDA:77,15,0,12
BRDA:78,16,0,11
BRDA:82,17,0,11
BRDA:86,18,0,27
BRDA:86,19,0,4
BRDA:88,20,0,3
BRDA:88,21,0,27
BRDA:88,22,0,3
BRDA:93,23,0,1
BRDA:59,24,0,5
BRDA:61,25,0,4
BRDA:65,26,0,4
BRDA:66,27,0,1
BRF:28
BRH:28
end_of_record
TN:
SF:server\routes\graphql-routes.js
FN:80,buildRootValue
FN:82,appointments
FN:98,appointment
FN:106,statistics
FN:118,createAppointment
FN:131,updateAppointment
FN:140,deleteAppointment
FN:151,handleGraphqlRoute
FNF:8
FNH:8
FNDA:13,buildRootValue
FNDA:3,appointments
FNDA:2,appointment
FNDA:2,statistics
FNDA:2,createAppointment
FNDA:2,updateAppointment
FNDA:2,deleteAppointment
FNDA:19,handleGraphqlRoute
DA:1,1
DA:2,1
DA:3,1
DA:4,1
DA:5,1
DA:6,1
DA:7,1
DA:8,1
DA:9,1
DA:10,1
DA:11,1
DA:12,1
DA:13,1
DA:14,1
DA:15,1
DA:16,1
DA:17,1
DA:18,1
DA:19,1
DA:20,1
DA:21,1
DA:22,1
DA:23,1
DA:24,1
DA:25,1
DA:26,1
DA:27,1
DA:28,1
DA:29,1
DA:30,1
DA:31,1
DA:32,1
DA:33,1
DA:34,1
DA:35,1
DA:36,1
DA:37,1
DA:38,1
DA:39,1
DA:40,1
DA:41,1
DA:42,1
DA:43,1
DA:44,1
DA:45,1
DA:46,1
DA:47,1
DA:48,1
DA:49,1
DA:50,1
DA:51,1
DA:52,1
DA:53,1
DA:54,1
DA:55,1
DA:56,1
DA:57,1
DA:58,1
DA:59,1
DA:60,1
DA:61,1
DA:62,1
DA:63,1
DA:64,1
DA:65,1
DA:66,1
DA:67,1
DA:68,1
DA:69,1
DA:70,1
DA:71,1
DA:72,1
DA:73,1
DA:74,1
DA:75,1
DA:76,1
DA:77,1
DA:78,1
DA:79,1
DA:80,13
DA:81,13
DA:82,13
DA:83,3
DA:84,3
DA:85,3
DA:86,3
DA:87,3
DA:88,3
DA:89,3
DA:90,3
DA:91,3
DA:92,3
DA:93,3
DA:94,3
DA:95,3
DA:96,13
DA:97,13
DA:98,13
DA:99,2
DA:100,2
DA:101,2
DA:102,1
DA:103,1
DA:104,13
DA:105,13
DA:106,13
DA:107,2
DA:108,2
DA:109,2
DA:110,2
DA:111,2
DA:112,2
DA:113,2
DA:114,2
DA:115,2
DA:116,13
DA:117,13
DA:118,13
DA:119,2
DA:120,2
DA:121,2
DA:122,2
DA:123,2
DA:124,2
DA:125,1
DA:126,1
DA:127,1
DA:128,1
DA:129,13
DA:130,13
DA:131,13
DA:132,2
DA:133,2
DA:134,1
DA:135,1
DA:136,1
DA:137,1
DA:138,13
DA:139,13
DA:140,13
DA:141,2
DA:142,2
DA:143,1
DA:144,1
DA:145,1
DA:146,1
DA:147,13
DA:148,13
DA:149,13
DA:150,1
DA:151,1
DA:152,19
DA:153,19
DA:154,19
DA:155,17
DA:156,18
DA:157,1
DA:158,1
DA:159,1
DA:160,1
DA:161,1
DA:162,1
DA:163,1
DA:164,1
DA:165,16
DA:166,18
DA:167,1
DA:168,1
DA:169,15
DA:170,19
DA:171,2
DA:172,2
DA:173,13
DA:174,19
DA:175,19
DA:176,19
DA:177,19
DA:178,19
DA:179,19
DA:180,19
DA:181,19
DA:182,19
DA:183,13
DA:184,13
DA:185,13
LF:185
LH:185
BRDA:80,0,0,13
BRDA:82,1,0,3
BRDA:86,2,0,1
BRDA:87,3,0,1
BRDA:98,4,0,2
BRDA:101,5,0,1
BRDA:106,6,0,2
BRDA:108,7,0,1
BRDA:109,8,0,1
BRDA:111,9,0,1
BRDA:112,10,0,1
BRDA:108,11,0,2
BRDA:109,12,0,1
BRDA:118,13,0,2
BRDA:124,14,0,1
BRDA:131,15,0,2
BRDA:133,16,0,1
BRDA:140,17,0,2
BRDA:142,18,0,1
BRDA:151,19,0,19
BRDA:154,20,0,2
BRDA:154,21,0,18
BRDA:154,22,0,17
BRDA:156,23,0,1
BRDA:164,24,0,16
BRDA:166,25,0,1
BRDA:168,26,0,15
BRDA:170,27,0,14
BRDA:170,28,0,18
BRDA:170,29,0,2
BRDA:172,30,0,13
BRDA:174,31,0,1
BRDA:181,32,0,13
BRDA:182,33,0,13
BRF:34
BRH:34
end_of_record
TN:
SF:server\routes\health-routes.js
FN:1,handleHealthRoutes
FNF:1
FNH:1
FNDA:25,handleHealthRoutes
DA:1,1
DA:2,25
DA:3,23
DA:4,23
DA:5,2
DA:6,3
DA:7,1
DA:8,1
DA:9,1
DA:10,1
DA:11,1
DA:12,1
DA:13,1
DA:14,1
DA:15,1
DA:16,1
DA:17,1
DA:18,1
DA:19,1
DA:20,1
DA:21,1
LF:21
LH:21
BRDA:1,0,0,25
BRDA:2,1,0,23
BRDA:4,2,0,3
BRDA:4,3,0,2
BRDA:6,4,0,1
BRF:5
BRH:5
end_of_record
TN:
SF:server\routes\statistics-routes.js
FN:1,handleStatisticsRoutes
FNF:1
FNH:1
FNDA:6,handleStatisticsRoutes
DA:1,1
DA:2,6
DA:3,6
DA:4,6
DA:5,3
DA:6,3
DA:7,3
DA:8,6
DA:9,1
DA:10,1
DA:11,1
DA:12,1
DA:13,1
DA:14,1
DA:15,1
DA:16,2
DA:17,2
DA:18,2
DA:19,2
DA:20,2
DA:21,2
DA:22,2
DA:23,2
LF:23
LH:23
BRDA:1,0,0,6
BRDA:4,1,0,3
BRDA:8,2,0,1
BRDA:15,3,0,2
BRF:4
BRH:4
end_of_record
TN:
SF:server\services\appointments-service.js
FN:9,ValidationError
FN:18,NotFoundError
FN:26,AppointmentsService
FN:32,list
FN:36,getById
FN:40,create
FN:57,update
FN:89,delete
FN:95,getStatistics
FN:100,getOwnedAppointments
FN:105,getOwnedAppointment
FNF:11
FNH:11
FNDA:6,ValidationError
FNDA:5,NotFoundError
FNDA:16,AppointmentsService
FNDA:4,list
FNDA:4,getById
FNDA:6,create
FNDA:5,update
FNDA:4,delete
FNDA:3,getStatistics
FNDA:7,getOwnedAppointments
FNDA:13,getOwnedAppointment
DA:1,1
DA:2,1
DA:3,1
DA:4,1
DA:5,1
DA:6,1
DA:7,1
DA:8,1
DA:9,1
DA:10,6
DA:11,6
DA:12,6
DA:13,6
DA:14,6
DA:15,1
DA:16,1
DA:17,1
DA:18,1
DA:19,5
DA:20,5
DA:21,5
DA:22,5
DA:23,1
DA:24,1
DA:25,1
DA:26,1
DA:27,16
DA:28,16
DA:29,16
DA:30,16
DA:31,1
DA:32,1
DA:33,4
DA:34,4
DA:35,1
DA:36,1
DA:37,4
DA:38,4
DA:39,1
DA:40,1
DA:41,6
DA:42,6
DA:43,6
DA:44,6
DA:45,4
DA:46,4
DA:47,2
DA:48,2
DA:49,6
DA:50,6
DA:51,6
DA:52,6
DA:53,6
DA:54,6
DA:55,6
DA:56,1
DA:57,1
DA:58,5
DA:59,4
DA:60,4
DA:61,5
DA:62,5
DA:63,5
DA:64,5
DA:65,5
DA:66,5
DA:67,5
DA:68,5
DA:69,5
DA:70,5
DA:71,5
DA:72,5
DA:73,5
DA:74,5
DA:75,5
DA:76,1
DA:77,1
DA:78,3
DA:79,3
DA:80,3
DA:81,3
DA:82,3
DA:83,3
DA:84,3
DA:85,3
DA:86,3
DA:87,5
DA:88,1
DA:89,1
DA:90,4
DA:91,3
DA:92,3
DA:93,4
DA:94,1
DA:95,1
DA:96,3
DA:97,3
DA:98,3
DA:99,1
DA:100,1
DA:101,7
DA:102,7
DA:103,7
DA:104,1
DA:105,1
DA:106,13
DA:107,13
DA:108,4
DA:109,4
DA:110,9
DA:111,9
DA:112,13
DA:113,1
LF:113
LH:113
BRDA:9,0,0,6
BRDA:18,1,0,5
BRDA:26,2,0,16
BRDA:28,3,0,7
BRDA:29,4,0,7
BRDA:28,5,0,5
BRDA:32,6,0,4
BRDA:36,7,0,4
BRDA:40,8,0,6
BRDA:44,9,0,5
BRDA:44,10,0,4
BRDA:46,11,0,2
BRDA:50,12,0,2
BRDA:57,13,0,5
BRDA:58,14,0,4
BRDA:62,15,0,4
BRDA:63,16,0,4
BRDA:64,17,0,2
BRDA:65,18,0,3
BRDA:66,19,0,4
BRDA:67,20,0,2
BRDA:75,21,0,3
BRDA:75,22,0,1
BRDA:89,23,0,4
BRDA:90,24,0,3
BRDA:95,25,0,3
BRDA:100,26,0,7
BRDA:102,27,0,63
BRDA:105,28,0,13
BRDA:107,29,0,9
BRDA:107,30,0,4
BRDA:109,31,0,9
BRF:32
BRH:32
end_of_record
TN:
SF:server\ws\broadcaster.js
FN:14,Broadcaster
FN:25,onMessage
FN:31,attach
FN:49,broadcast
FNF:4
FNH:4
FNDA:16,Broadcaster
FNDA:3,onMessage
FNDA:13,attach
FNDA:3,broadcast
DA:1,1
DA:2,1
DA:3,1
DA:4,1
DA:5,1
DA:6,1
DA:7,1
DA:8,1
DA:9,1
DA:10,1
DA:11,1
DA:12,1
DA:13,1
DA:14,1
DA:15,16
DA:16,16
DA:17,16
DA:18,16
DA:19,1
DA:20,1
DA:21,1
DA:22,1
DA:23,1
DA:24,1
DA:25,1
DA:26,3
DA:27,3
DA:28,3
DA:29,1
DA:30,1
DA:31,1
DA:32,13
DA:33,13
DA:34,3
DA:35,3
DA:36,2
DA:37,2
DA:38,2
DA:39,1
DA:40,1
DA:41,1
DA:42,1
DA:43,1
DA:44,3
DA:45,13
DA:46,13
DA:47,1
DA:48,1
DA:49,1
DA:50,3
DA:51,2
DA:52,2
DA:53,2
DA:54,1
DA:55,1
DA:56,2
DA:57,3
DA:58,1
LF:58
LH:58
BRDA:14,0,0,16
BRDA:25,1,0,3
BRDA:31,2,0,13
BRDA:33,3,0,3
BRDA:34,4,0,1
BRDA:35,5,0,2
BRDA:38,6,0,1
BRDA:49,7,0,3
BRDA:50,8,0,2
BRDA:50,9,0,1
BRDA:53,10,0,1
BRF:11
BRH:11
end_of_record
TN:
SF:src\app\api\appointments-api.ts
FN:17,AppointmentsApiError
FN:25,parseResponse
FN:30,request
FN:58,checkAppointmentsApiHealth
FN:62,listAppointmentsFromApi
FN:66,getAppointmentFromApi
FN:70,createAppointmentInApi
FN:77,updateAppointmentInApi
FN:84,deleteAppointmentInApi
FN:90,listAppointmentsPageFromApi
FN:97,startGeneratorInApi
FN:105,stopGeneratorInApi
FN:109,getGeneratorStatusFromApi
FNF:13
FNH:13
FNDA:61,AppointmentsApiError
FNDA:12,parseResponse
FNDA:71,request
FNDA:59,checkAppointmentsApiHealth
FNDA:2,listAppointmentsFromApi
FNDA:3,getAppointmentFromApi
FNDA:1,createAppointmentInApi
FNDA:1,updateAppointmentInApi
FNDA:1,deleteAppointmentInApi
FNDA:1,listAppointmentsPageFromApi
FNDA:1,startGeneratorInApi
FNDA:1,stopGeneratorInApi
FNDA:1,getGeneratorStatusFromApi
DA:1,1
DA:2,1
DA:3,1
DA:4,1
DA:5,1
DA:6,1
DA:7,1
DA:8,1
DA:9,1
DA:10,1
DA:11,1
DA:12,1
DA:13,1
DA:14,1
DA:15,1
DA:16,1
DA:17,1
DA:18,61
DA:19,61
DA:20,61
DA:21,61
DA:22,61
DA:23,1
DA:24,1
DA:25,12
DA:26,12
DA:27,12
DA:28,12
DA:29,1
DA:30,71
DA:31,71
DA:32,71
DA:33,71
DA:34,71
DA:35,71
DA:36,71
DA:37,71
DA:38,71
DA:39,71
DA:40,71
DA:41,71
DA:42,71
DA:43,59
DA:44,59
DA:45,12
DA:46,12
DA:47,13
DA:48,2
DA:49,2
DA:50,2
DA:51,2
DA:52,2
DA:53,2
DA:54,10
DA:55,10
DA:56,10
DA:57,1
DA:58,59
DA:59,59
DA:60,59
DA:61,1
DA:62,2
DA:63,2
DA:64,2
DA:65,1
DA:66,3
DA:67,3
DA:68,3
DA:69,1
DA:70,1
DA:71,1
DA:72,1
DA:73,1
DA:74,1
DA:75,1
DA:76,1
DA:77,1
DA:78,1
DA:79,1
DA:80,1
DA:81,1
DA:82,1
DA:83,1
DA:84,1
DA:85,1
DA:86,1
DA:87,1
DA:88,1
DA:89,1
DA:90,1
DA:91,1
DA:92,1
DA:93,1
DA:94,1
DA:95,1
DA:96,1
DA:97,1
DA:98,1
DA:99,1
DA:100,1
DA:101,1
DA:102,1
DA:103,1
DA:104,1
DA:105,1
DA:106,1
DA:107,1
DA:108,1
DA:109,1
DA:110,1
DA:111,1
LF:111
LH:111
BRDA:3,0,0,0
BRDA:3,1,0,0
BRDA:17,2,0,61
BRDA:25,3,0,12
BRDA:27,4,0,11
BRDA:27,5,0,1
BRDA:30,6,0,71
BRDA:37,7,0,5
BRDA:37,8,0,2
BRDA:37,9,0,69
BRDA:38,10,0,5
BRDA:41,11,0,12
BRDA:42,12,0,59
BRDA:44,13,0,13
BRDA:44,14,0,12
BRDA:47,15,0,2
BRDA:49,16,0,1
BRDA:49,17,0,1
BRDA:53,18,0,10
BRDA:58,19,0,59
BRDA:62,20,0,2
BRDA:66,21,0,3
BRDA:70,22,0,1
BRDA:77,23,0,1
BRDA:84,24,0,1
BRDA:90,25,0,1
BRDA:97,26,0,1
BRDA:105,27,0,1
BRDA:109,28,0,1
BRF:29
BRH:27
end_of_record
TN:
SF:src\app\api\auth-api.ts
FN:32,authRequest
FN:46,loginToServer
FN:62,signupOnServer
FN:82,logoutFromServer
FN:93,getMeFromServer
FN:102,getCachedRole
FN:107,getSessionId
FN:116,clearSession
FNF:8
FNH:8
FNDA:17,authRequest
FNDA:6,loginToServer
FNDA:4,signupOnServer
FNDA:4,logoutFromServer
FNDA:3,getMeFromServer
FNDA:2,getCachedRole
FNDA:67,getSessionId
FNDA:3,clearSession
DA:1,1
DA:2,1
DA:3,1
DA:4,1
DA:5,1
DA:6,1
DA:7,1
DA:8,1
DA:9,1
DA:10,1
DA:11,1
DA:12,1
DA:13,1
DA:14,1
DA:15,1
DA:16,1
DA:17,1
DA:18,1
DA:19,1
DA:20,1
DA:21,1
DA:22,1
DA:23,1
DA:24,1
DA:25,1
DA:26,1
DA:27,1
DA:28,1
DA:29,1
DA:30,1
DA:31,1
DA:32,17
DA:33,17
DA:34,17
DA:35,17
DA:36,17
DA:37,17
DA:38,17
DA:39,17
DA:40,17
DA:41,17
DA:42,9
DA:43,17
DA:44,17
DA:45,1
DA:46,6
DA:47,6
DA:48,6
DA:49,6
DA:50,6
DA:51,6
DA:52,4
DA:53,2
DA:54,2
DA:55,2
DA:56,3
DA:57,6
DA:58,3
DA:59,3
DA:60,6
DA:61,1
DA:62,4
DA:63,4
DA:64,4
DA:65,4
DA:66,4
DA:67,4
DA:68,4
DA:69,4
DA:70,4
DA:71,4
DA:72,2
DA:73,2
DA:74,2
DA:75,2
DA:76,2
DA:77,4
DA:78,2
DA:79,2
DA:80,4
DA:81,1
DA:82,4
DA:83,4
DA:84,4
DA:85,2
DA:86,2
DA:87,4
DA:88,4
DA:89,4
DA:90,4
DA:91,4
DA:92,1
DA:93,3
DA:94,3
DA:95,3
DA:96,3
DA:97,1
DA:98,1
DA:99,3
DA:100,1
DA:101,1
DA:102,1
DA:103,2
DA:104,2
DA:105,1
DA:106,1
DA:107,1
DA:108,67
DA:109,67
DA:110,1
DA:111,1
DA:112,1
DA:113,1
DA:114,1
DA:115,1
DA:116,1
DA:117,3
DA:118,3
DA:119,3
LF:119
LH:119
BRDA:9,0,0,0
BRDA:32,1,0,17
BRDA:37,2,0,14
BRDA:37,3,0,10
BRDA:37,4,0,7
BRDA:38,5,0,3
BRDA:38,6,0,14
BRDA:39,7,0,14
BRDA:41,8,0,13
BRDA:41,9,0,9
BRDA:43,10,0,8
BRDA:43,11,0,1
BRDA:46,12,0,6
BRDA:51,13,0,4
BRDA:51,14,0,3
BRDA:52,15,0,2
BRDA:55,16,0,3
BRDA:57,17,0,3
BRDA:62,18,0,4
BRDA:71,19,0,2
BRDA:74,20,0,1
BRDA:77,21,0,2
BRDA:82,22,0,4
BRDA:84,23,0,2
BRDA:93,24,0,3
BRDA:96,25,0,1
BRDA:102,26,0,2
BRDA:103,27,0,1
BRDA:107,28,0,67
BRDA:116,29,0,3
BRF:30
BRH:29
end_of_record
TN:
SF:src\app\components\protected-route.tsx
FN:5,ProtectedRoute
FNF:1
FNH:1
FNDA:3,ProtectedRoute
DA:1,1
DA:2,1
DA:3,1
DA:4,1
DA:5,1
DA:6,3
DA:7,3
DA:8,3
DA:9,2
DA:10,2
DA:11,1
DA:12,1
DA:13,1
LF:13
LH:13
BRDA:5,0,0,3
BRDA:8,1,0,2
BRDA:10,2,0,1
BRF:3
BRH:3
end_of_record
TN:
SF:src\app\components\appointments\appointment-form.tsx
FN:65,AppointmentForm
FN:80,setField
FN:87,markTouched
FN:92,fieldError
FN:97,inputClass
FN:104,handleSubmit
FN:135,onValueChange
FN:165,onChange
FN:166,onBlur
FN:177,onValueChange
FN:205,onChange
FN:206,onBlur
FN:218,onChange
FN:219,onBlur
FN:232,onValueChange
FN:258,onChange
FN:259,onBlur
FNF:17
FNH:17
FNDA:51,AppointmentForm
FNDA:24,setField
FNDA:5,markTouched
FNDA:306,fieldError
FNDA:204,inputClass
FNDA:7,handleSubmit
FNDA:3,onValueChange
FNDA:3,onChange
FNDA:1,onBlur
FNDA:3,onValueChange
FNDA:7,onChange
FNDA:2,onBlur
FNDA:3,onChange
FNDA:1,onBlur
FNDA:2,onValueChange
FNDA:3,onChange
FNDA:1,onBlur
DA:1,1
DA:2,1
DA:3,1
DA:4,1
DA:5,1
DA:6,1
DA:7,1
DA:8,1
DA:9,1
DA:10,1
DA:11,1
DA:12,1
DA:13,1
DA:14,1
DA:15,1
DA:16,1
DA:17,1
DA:18,1
DA:19,1
DA:20,1
DA:21,1
DA:22,1
DA:23,1
DA:24,1
DA:25,1
DA:26,1
DA:27,1
DA:28,1
DA:29,1
DA:30,1
DA:31,1
DA:32,1
DA:33,1
DA:34,1
DA:35,1
DA:36,1
DA:37,1
DA:38,1
DA:39,1
DA:40,1
DA:41,1
DA:42,1
DA:43,1
DA:44,1
DA:45,1
DA:46,1
DA:47,1
DA:48,1
DA:49,1
DA:50,1
DA:51,1
DA:52,1
DA:53,1
DA:54,1
DA:55,1
DA:56,1
DA:57,1
DA:58,1
DA:59,1
DA:60,1
DA:61,1
DA:62,1
DA:63,1
DA:64,1
DA:65,1
DA:66,51
DA:67,51
DA:68,51
DA:69,51
DA:70,51
DA:71,51
DA:72,51
DA:73,51
DA:74,51
DA:75,51
DA:76,51
DA:77,51
DA:78,51
DA:79,51
DA:80,51
DA:81,24
DA:82,24
DA:83,24
DA:84,24
DA:85,24
DA:86,51
DA:87,51
DA:88,5
DA:89,5
DA:90,5
DA:91,51
DA:92,51
DA:93,306
DA:94,11
DA:95,295
DA:96,51
DA:97,51
DA:98,204
DA:99,204
DA:100,204
DA:101,51
DA:102,51
DA:103,51
DA:104,51
DA:105,7
DA:106,7
DA:107,7
DA:108,7
DA:109,7
DA:110,7
DA:111,7
DA:112,7
DA:113,7
DA:114,7
DA:115,7
DA:116,7
DA:117,6
DA:118,6
DA:119,7
DA:120,51
DA:121,51
DA:122,51
DA:123,51
DA:124,51
DA:125,51
DA:126,51
DA:127,51
DA:128,51
DA:129,51
DA:130,51
DA:131,51
DA:132,51
DA:133,51
DA:134,51
DA:135,51
DA:136,51
DA:137,51
DA:138,51
DA:139,51
DA:140,51
DA:141,51
DA:142,51
DA:143,51
DA:144,51
DA:145,51
DA:146,408
DA:147,408
DA:148,408
DA:149,51
DA:150,51
DA:151,51
DA:152,51
DA:153,51
DA:154,51
DA:155,51
DA:156,51
DA:157,51
DA:158,51
DA:159,51
DA:160,51
DA:161,51
DA:162,51
DA:163,51
DA:164,51
DA:165,51
DA:166,51
DA:167,51
DA:168,51
DA:169,51
DA:170,51
DA:171,51
DA:172,51
DA:173,51
DA:174,51
DA:175,51
DA:176,51
DA:177,51
DA:178,51
DA:179,51
DA:180,51
DA:181,51
DA:182,51
DA:183,51
DA:184,51
DA:185,51
DA:186,51
DA:187,51
DA:188,408
DA:189,408
DA:190,408
DA:191,51
DA:192,51
DA:193,51
DA:194,51
DA:195,51
DA:196,51
DA:197,51
DA:198,51
DA:199,51
DA:200,51
DA:201,51
DA:202,51
DA:203,51
DA:204,51
DA:205,51
DA:206,51
DA:207,51
DA:208,51
DA:209,51
DA:210,51
DA:211,51
DA:212,51
DA:213,51
DA:214,51
DA:215,51
DA:216,51
DA:217,51
DA:218,51
DA:219,51
DA:220,51
DA:221,51
DA:222,51
DA:223,51
DA:224,51
DA:225,51
DA:226,51
DA:227,51
DA:228,23
DA:229,23
DA:230,23
DA:231,23
DA:232,23
DA:233,23
DA:234,23
DA:235,23
DA:236,23
DA:237,23
DA:238,23
DA:239,92
DA:240,92
DA:241,92
DA:242,23
DA:243,23
DA:244,23
DA:245,23
DA:246,51
DA:247,51
DA:248,51
DA:249,51
DA:250,51
DA:251,51
DA:252,51
DA:253,51
DA:254,51
DA:255,51
DA:256,51
DA:257,51
DA:258,51
DA:259,51
DA:260,51
DA:261,51
DA:262,51
DA:263,51
DA:264,51
DA:265,51
DA:266,51
DA:267,51
DA:268,51
DA:269,51
DA:270,51
DA:271,51
DA:272,51
DA:273,51
DA:274,51
DA:275,51
DA:276,51
DA:277,51
DA:278,51
DA:279,51
DA:280,51
DA:281,51
DA:282,51
DA:283,51
DA:284,51
DA:285,51
DA:286,51
LF:286
LH:286
BRDA:65,0,0,51
BRDA:139,1,0,24
BRDA:139,2,0,1
BRDA:139,3,0,50
BRDA:164,4,0,28
BRDA:164,5,0,23
BRDA:181,6,0,18
BRDA:181,7,0,1
BRDA:181,8,0,50
BRDA:227,9,0,23
BRDA:273,10,0,28
BRDA:273,11,0,23
BRDA:80,12,0,24
BRDA:83,13,0,24
BRDA:87,14,0,5
BRDA:88,15,0,5
BRDA:92,16,0,306
BRDA:93,17,0,118
BRDA:93,18,0,11
BRDA:94,19,0,295
BRDA:97,20,0,204
BRDA:99,21,0,76
BRDA:99,22,0,9
BRDA:99,23,0,195
BRDA:104,24,0,7
BRDA:110,25,0,49
BRDA:116,26,0,6
BRDA:135,27,0,3
BRDA:145,28,0,408
BRDA:165,29,0,3
BRDA:166,30,0,1
BRDA:177,31,0,3
BRDA:187,32,0,408
BRDA:205,33,0,7
BRDA:206,34,0,2
BRDA:218,35,0,3
BRDA:219,36,0,1
BRDA:232,37,0,2
BRDA:238,38,0,92
BRDA:258,39,0,3
BRDA:259,40,0,1
BRF:41
BRH:41
end_of_record
TN:
SF:src\app\components\appointments\status-badge.tsx
FN:40,StatusBadge
FNF:1
FNH:1
FNDA:439,StatusBadge
DA:1,1
DA:2,1
DA:3,1
DA:4,1
DA:5,1
DA:6,1
DA:7,1
DA:8,1
DA:9,1
DA:10,1
DA:11,1
DA:12,1
DA:13,1
DA:14,1
DA:15,1
DA:16,1
DA:17,1
DA:18,1
DA:19,1
DA:20,1
DA:21,1
DA:22,1
DA:23,1
DA:24,1
DA:25,1
DA:26,1
DA:27,1
DA:28,1
DA:29,1
DA:30,1
DA:31,1
DA:32,1
DA:33,1
DA:34,1
DA:35,1
DA:36,1
DA:37,1
DA:38,1
DA:39,1
DA:40,1
DA:41,439
DA:42,439
DA:43,439
DA:44,439
DA:45,439
DA:46,439
DA:47,439
DA:48,439
DA:49,439
DA:50,439
DA:51,439
DA:52,439
DA:53,439
DA:54,1
DA:55,1
LF:55
LH:55
BRDA:40,0,0,439
BRDA:43,1,0,428
BRDA:43,2,0,11
BRDA:49,3,0,438
BRDA:49,4,0,427
BRDA:49,5,0,11
BRF:6
BRH:6
end_of_record
TN:
SF:src\app\components\chat\chat-window.tsx
FN:7,ChatWindow
FN:53,submit
FN:68,onClick
FN:84,onClick
FN:107,onClick
FN:124,onClick
FN:190,onChange
FNF:7
FNH:7
FNDA:52,ChatWindow
FNDA:4,submit
FNDA:20,onClick
FNDA:1,onClick
FNDA:1,onClick
FNDA:4,onClick
FNDA:3,onChange
DA:1,1
DA:2,1
DA:3,1
DA:4,1
DA:5,1
DA:6,1
DA:7,1
DA:8,52
DA:9,52
DA:10,52
DA:11,52
DA:12,52
DA:13,52
DA:14,52
DA:15,52
DA:16,52
DA:17,52
DA:18,52
DA:19,46
DA:20,17
DA:21,17
DA:22,52
DA:23,52
DA:24,52
DA:25,52
DA:26,20
DA:27,6
DA:28,20
DA:29,7
DA:30,6
DA:31,6
DA:32,7
DA:33,6
DA:34,52
DA:35,52
DA:36,52
DA:37,52
DA:38,25
DA:39,11
DA:40,4
DA:41,4
DA:42,4
DA:43,6
DA:44,2
DA:45,4
DA:46,4
DA:47,14
DA:48,14
DA:49,14
DA:50,14
DA:51,52
DA:52,52
DA:53,52
DA:54,4
DA:55,4
DA:56,4
DA:57,1
DA:58,4
DA:59,2
DA:60,2
DA:61,3
DA:62,4
DA:63,52
DA:64,52
DA:65,52
DA:66,52
DA:67,52
DA:68,52
DA:69,52
DA:70,52
DA:71,52
DA:72,52
DA:73,52
DA:74,52
DA:75,52
DA:76,52
DA:77,30
DA:78,30
DA:79,30
DA:80,30
DA:81,30
DA:82,30
DA:83,6
DA:84,6
DA:85,6
DA:86,6
DA:87,6
DA:88,6
DA:89,6
DA:90,24
DA:91,24
DA:92,30
DA:93,30
DA:94,30
DA:95,30
DA:96,30
DA:97,30
DA:98,30
DA:99,1
DA:100,1
DA:101,1
DA:102,29
DA:103,29
DA:104,29
DA:105,29
DA:106,30
DA:107,30
DA:108,30
DA:109,30
DA:110,30
DA:111,30
DA:112,30
DA:113,30
DA:114,30
DA:115,7
DA:116,7
DA:117,1
DA:118,1
DA:119,1
DA:120,6
DA:121,6
DA:122,7
DA:123,7
DA:124,7
DA:125,7
DA:126,7
DA:127,7
DA:128,7
DA:129,7
DA:130,7
DA:131,7
DA:132,7
DA:133,7
DA:134,7
DA:135,7
DA:136,6
DA:137,7
DA:138,7
DA:139,23
DA:140,23
DA:141,23
DA:142,23
DA:143,15
DA:144,15
DA:145,15
DA:146,23
DA:147,23
DA:148,12
DA:149,12
DA:150,12
DA:151,12
DA:152,12
DA:153,12
DA:154,12
DA:155,9
DA:156,9
DA:157,9
DA:158,12
DA:159,12
DA:160,12
DA:161,12
DA:162,3
DA:163,9
DA:164,12
DA:165,12
DA:166,12
DA:167,12
DA:168,12
DA:169,12
DA:170,12
DA:171,12
DA:172,12
DA:173,12
DA:174,12
DA:175,12
DA:176,23
DA:177,23
DA:178,23
DA:179,30
DA:180,30
DA:181,30
DA:182,30
DA:183,23
DA:184,22
DA:185,22
DA:186,22
DA:187,22
DA:188,22
DA:189,22
DA:190,22
DA:191,22
DA:192,22
DA:193,22
DA:194,22
DA:195,22
DA:196,22
DA:197,22
DA:198,22
DA:199,22
DA:200,22
DA:201,22
DA:202,22
DA:203,1
DA:204,1
DA:205,1
DA:206,1
DA:207,30
DA:208,30
DA:209,30
DA:210,52
DA:211,52
DA:212,52
DA:213,52
LF:213
LH:213
BRDA:7,0,0,52
BRDA:10,1,0,50
BRDA:34,2,0,50
BRDA:51,3,0,50
BRDA:72,4,0,30
BRDA:72,5,0,22
BRDA:76,6,0,30
BRDA:82,7,0,13
BRDA:82,8,0,6
BRDA:89,9,0,24
BRDA:94,10,0,13
BRDA:94,11,0,6
BRDA:94,12,0,24
BRDA:98,13,0,1
BRDA:101,14,0,29
BRDA:114,15,0,13
BRDA:114,16,0,7
BRDA:116,17,0,1
BRDA:119,18,0,6
BRDA:138,19,0,23
BRDA:142,20,0,15
BRDA:182,21,0,13
BRDA:182,22,0,23
BRDA:183,23,0,22
BRDA:202,24,0,1
BRDA:18,25,0,46
BRDA:19,26,0,24
BRDA:19,27,0,11
BRDA:19,28,0,17
BRDA:25,29,0,20
BRDA:26,30,0,14
BRDA:26,31,0,6
BRDA:28,32,0,7
BRDA:29,33,0,6
BRDA:29,34,0,6
BRDA:32,35,0,6
BRDA:37,36,0,25
BRDA:38,37,0,11
BRDA:39,38,0,7
BRDA:39,39,0,4
BRDA:46,40,0,14
BRDA:42,41,0,6
BRDA:43,42,0,2
BRDA:44,43,0,1
BRDA:49,44,0,6
BRDA:49,45,0,2
BRDA:49,46,0,2
BRDA:53,47,0,4
BRDA:55,48,0,1
BRDA:55,49,0,3
BRDA:56,50,0,1
BRDA:56,51,0,1
BRDA:58,52,0,2
BRDA:60,53,0,3
BRDA:68,54,0,20
BRDA:68,55,0,20
BRDA:84,56,0,1
BRDA:107,57,0,1
BRDA:121,58,0,7
BRDA:124,59,0,4
BRDA:147,60,0,12
BRDA:152,61,0,3
BRDA:152,62,0,9
BRDA:154,63,0,9
BRDA:161,64,0,3
BRDA:162,65,0,9
BRDA:190,66,0,3
BRF:67
BRH:67
end_of_record
TN:
SF:src\app\components\figma\ImageWithFallback.tsx
FN:6,ImageWithFallback
FN:9,handleError
FNF:2
FNH:2
FNDA:27,ImageWithFallback
FNDA:4,handleError
DA:1,1
DA:2,1
DA:3,1
DA:4,1
DA:5,1
DA:6,1
DA:7,27
DA:8,27
DA:9,27
DA:10,4
DA:11,4
DA:12,27
DA:13,27
DA:14,27
DA:15,27
DA:16,4
DA:17,4
DA:18,4
DA:19,4
DA:20,4
DA:21,4
DA:22,4
DA:23,4
DA:24,23
DA:25,23
DA:26,27
DA:27,27
LF:27
LH:27
BRDA:6,0,0,27
BRDA:15,1,0,4
BRDA:17,2,0,1
BRDA:23,3,0,23
BRDA:9,4,0,4
BRF:5
BRH:5
end_of_record
TN:
SF:src\app\contexts\appointments-context.tsx
FN:46,validateAppointment
FN:249,cloneAppointments
FN:253,getAppointmentsStorageKey
FN:257,getAppointmentsQueueStorageKey
FN:261,getSeedAppointments
FN:269,sanitizeStoredAppointment
FN:296,sanitizeQueueEntry
FN:331,readStoredAppointments
FN:351,writeStoredAppointments
FN:358,readStoredQueue
FN:378,writeStoredQueue
FN:382,cloneAppointment
FN:386,AppointmentsProvider
FN:400,commitAppointments
FN:406,commitQueue
FN:412,setOfflineState
FN:416,synchronizeWithServer
FN:453,queueChange
FN:504,handleOnline
FN:513,handleOffline
FN:534,ws.onmessage
FN:553,ws.onerror
FN:554,ws.onclose
FN:582,addAppointment
FN:603,updateAppointment
FN:625,deleteAppointment
FN:641,getAppointment
FN:645,refreshAppointments
FN:655,startGenerator
FN:661,stopGenerator
FN:689,useAppointments
FNF:31
FNH:31
FNDA:42,validateAppointment
FNDA:24,cloneAppointments
FNDA:228,getAppointmentsStorageKey
FNDA:124,getAppointmentsQueueStorageKey
FNDA:38,getSeedAppointments
FNDA:10,sanitizeStoredAppointment
FNDA:7,sanitizeQueueEntry
FNDA:52,readStoredAppointments
FNDA:156,writeStoredAppointments
FNDA:52,readStoredQueue
FNDA:68,writeStoredQueue
FNDA:3,cloneAppointment
FNDA:220,AppointmentsProvider
FNDA:69,commitAppointments
FNDA:68,commitQueue
FNDA:61,setOfflineState
FNDA:66,synchronizeWithServer
FNDA:12,queueChange
FNDA:2,handleOnline
FNDA:1,handleOffline
FNDA:4,ws.onmessage
FNDA:1,ws.onerror
FNDA:2,ws.onclose
FNDA:7,addAppointment
FNDA:4,updateAppointment
FNDA:4,deleteAppointment
FNDA:32,getAppointment
FNDA:2,refreshAppointments
FNDA:6,startGenerator
FNDA:2,stopGenerator
FNDA:257,useAppointments
DA:1,1
DA:2,1
DA:3,1
DA:4,1
DA:5,1
DA:6,1
DA:7,1
DA:8,1
DA:9,1
DA:10,1
DA:11,1
DA:12,1
DA:13,1
DA:14,1
DA:15,1
DA:16,1
DA:17,1
DA:18,1
DA:19,1
DA:20,1
DA:21,1
DA:22,1
DA:23,1
DA:24,1
DA:25,1
DA:26,1
DA:27,1
DA:28,1
DA:29,1
DA:30,1
DA:31,1
DA:32,1
DA:33,1
DA:34,1
DA:35,1
DA:36,1
DA:37,1
DA:38,1
DA:39,1
DA:40,1
DA:41,1
DA:42,1
DA:43,1
DA:44,1
DA:45,1
DA:46,1
DA:47,42
DA:48,42
DA:49,42
DA:50,42
DA:51,42
DA:52,42
DA:53,8
DA:54,8
DA:55,42
DA:56,42
DA:57,10
DA:58,42
DA:59,1
DA:60,1
DA:61,42
DA:62,42
DA:63,12
DA:64,12
DA:65,42
DA:66,42
DA:67,14
DA:68,42
DA:69,1
DA:70,1
DA:71,42
DA:72,42
DA:73,1
DA:74,1
DA:75,42
DA:76,42
DA:77,1
DA:78,1
DA:79,42
DA:80,42
DA:81,42
DA:82,1
DA:83,1
DA:84,1
DA:85,1
DA:86,1
DA:87,1
DA:88,1
DA:89,1
DA:90,1
DA:91,1
DA:92,1
DA:93,1
DA:94,1
DA:95,1
DA:96,1
DA:97,1
DA:98,1
DA:99,1
DA:100,1
DA:101,1
DA:102,1
DA:103,1
DA:104,1
DA:105,1
DA:106,1
DA:107,1
DA:108,1
DA:109,1
DA:110,1
DA:111,1
DA:112,1
DA:113,1
DA:114,1
DA:115,1
DA:116,1
DA:117,1
DA:118,1
DA:119,1
DA:120,1
DA:121,1
DA:122,1
DA:123,1
DA:124,1
DA:125,1
DA:126,1
DA:127,1
DA:128,1
DA:129,1
DA:130,1
DA:131,1
DA:132,1
DA:133,1
DA:134,1
DA:135,1
DA:136,1
DA:137,1
DA:138,1
DA:139,1
DA:140,1
DA:141,1
DA:142,1
DA:143,1
DA:144,1
DA:145,1
DA:146,1
DA:147,1
DA:148,1
DA:149,1
DA:150,1
DA:151,1
DA:152,1
DA:153,1
DA:154,1
DA:155,1
DA:156,1
DA:157,1
DA:158,1
DA:159,1
DA:160,1
DA:161,1
DA:162,1
DA:163,1
DA:164,1
DA:165,1
DA:166,1
DA:167,1
DA:168,1
DA:169,1
DA:170,1
DA:171,1
DA:172,1
DA:173,1
DA:174,1
DA:175,1
DA:176,1
DA:177,1
DA:178,1
DA:179,1
DA:180,1
DA:181,1
DA:182,1
DA:183,1
DA:184,1
DA:185,1
DA:186,1
DA:187,1
DA:188,1
DA:189,1
DA:190,1
DA:191,1
DA:192,1
DA:193,1
DA:194,1
DA:195,1
DA:196,1
DA:197,1
DA:198,1
DA:199,1
DA:200,1
DA:201,1
DA:202,1
DA:203,1
DA:204,1
DA:205,1
DA:206,1
DA:207,1
DA:208,1
DA:209,1
DA:210,1
DA:211,1
DA:212,1
DA:213,1
DA:214,1
DA:215,1
DA:216,1
DA:217,1
DA:218,1
DA:219,1
DA:220,1
DA:221,1
DA:222,1
DA:223,1
DA:224,1
DA:225,1
DA:226,1
DA:227,1
DA:228,1
DA:229,1
DA:230,1
DA:231,1
DA:232,1
DA:233,1
DA:234,1
DA:235,1
DA:236,1
DA:237,1
DA:238,1
DA:239,1
DA:240,1
DA:241,1
DA:242,1
DA:243,1
DA:244,1
DA:245,1
DA:246,1
DA:247,1
DA:248,1
DA:249,24
DA:250,24
DA:251,24
DA:252,1
DA:253,1
DA:254,228
DA:255,228
DA:256,1
DA:257,1
DA:258,124
DA:259,124
DA:260,1
DA:261,38
DA:262,38
DA:263,24
DA:264,24
DA:265,14
DA:266,14
DA:267,14
DA:268,1
DA:269,10
DA:270,10
DA:271,1
DA:272,1
DA:273,9
DA:274,9
DA:275,9
DA:276,9
DA:277,9
DA:278,8
DA:279,8
DA:280,8
DA:281,8
DA:282,8
DA:283,8
DA:284,8
DA:285,10
DA:286,2
DA:287,2
DA:288,7
DA:289,10
DA:290,1
DA:291,1
DA:292,6
DA:293,6
DA:294,6
DA:295,1
DA:296,7
DA:297,7
DA:298,1
DA:299,1
DA:300,6
DA:301,6
DA:302,6
DA:303,7
DA:304,5
DA:305,5
DA:306,7
DA:307,1
DA:308,1
DA:309,5
DA:310,7
DA:311,1
DA:312,1
DA:313,1
DA:314,1
DA:315,1
DA:316,1
DA:317,4
DA:318,4
DA:319,7
DA:320,1
DA:321,1
DA:322,3
DA:323,3
DA:324,3
DA:325,3
DA:326,3
DA:327,3
DA:328,3
DA:329,3
DA:330,1
DA:331,52
DA:332,52
DA:333,52
DA:334,38
DA:335,38
DA:336,14
DA:337,14
DA:338,14
DA:339,28
DA:340,1
DA:341,1
DA:342,12
DA:343,12
DA:344,12
DA:345,12
DA:346,28
DA:347,1
DA:348,1
DA:349,52
DA:350,1
DA:351,156
DA:352,156
DA:353,156
DA:354,156
DA:355,156
DA:356,156
DA:357,1
DA:358,52
DA:359,52
DA:360,52
DA:361,48
DA:362,48
DA:363,4
DA:364,4
DA:365,4
DA:366,19
DA:367,1
DA:368,1
DA:369,2
DA:370,2
DA:371,2
DA:372,2
DA:373,15
DA:374,1
DA:375,1
DA:376,52
DA:377,1
DA:378,68
DA:379,68
DA:380,68
DA:381,1
DA:382,3
DA:383,3
DA:384,3
DA:385,1
DA:386,1
DA:387,220
DA:388,220
DA:389,220
DA:390,220
DA:391,220
DA:392,220
DA:393,220
DA:394,220
DA:395,220
DA:396,220
DA:397,220
DA:398,220
DA:399,220
DA:400,220
DA:401,69
DA:402,69
DA:403,69
DA:404,69
DA:405,220
DA:406,220
DA:407,68
DA:408,68
DA:409,68
DA:410,68
DA:411,220
DA:412,220
DA:413,61
DA:414,61
DA:415,220
DA:416,220
DA:417,66
DA:418,1
DA:419,1
DA:420,1
DA:421,65
DA:422,65
DA:423,65
DA:424,65
DA:425,65
DA:426,6
DA:427,6
DA:428,8
DA:429,4
DA:430,4
DA:431,4
DA:432,2
DA:433,2
DA:434,1
DA:435,1
DA:436,1
DA:437,1
DA:438,4
DA:439,4
DA:440,4
DA:441,4
DA:442,6
DA:443,8
DA:444,5
DA:445,5
DA:446,5
DA:447,6
DA:448,66
DA:449,59
DA:450,59
DA:451,66
DA:452,220
DA:453,220
DA:454,12
DA:455,12
DA:456,12
DA:457,12
DA:458,12
DA:459,12
DA:460,220
DA:461,220
DA:462,108
DA:463,56
DA:464,56
DA:465,56
DA:466,56
DA:467,56
DA:468,56
DA:469,56
DA:470,56
DA:471,52
DA:472,52
DA:473,52
DA:474,108
DA:475,108
DA:476,108
DA:477,108
DA:478,108
DA:479,108
DA:480,108
DA:481,108
DA:482,52
DA:483,108
DA:484,220
DA:485,220
DA:486,220
DA:487,198
DA:488,112
DA:489,112
DA:490,86
DA:491,86
DA:492,86
DA:493,198
DA:494,16
DA:495,16
DA:496,16
DA:497,16
DA:498,16
DA:499,220
DA:500,220
DA:501,220
DA:502,108
DA:503,108
DA:504,108
DA:505,2
DA:506,1
DA:507,1
DA:508,1
DA:509,1
DA:510,1
DA:511,2
DA:512,108
DA:513,108
DA:514,1
DA:515,1
DA:516,108
DA:517,108
DA:518,108
DA:519,108
DA:520,108
DA:521,108
DA:522,108
DA:523,108
DA:524,220
DA:525,220
DA:526,220
DA:527,220
DA:528,54
DA:529,53
DA:530,53
DA:531,53
DA:532,53
DA:533,53
DA:534,53
DA:535,4
DA:536,4
DA:537,4
DA:538,2
DA:539,2
DA:540,1
DA:541,1
DA:542,1
DA:543,1
DA:544,2
DA:545,4
DA:546,1
DA:547,1
DA:548,4
DA:549,1
DA:550,1
DA:551,4
DA:552,53
DA:553,53
DA:554,53
DA:555,2
DA:556,2
DA:557,2
DA:558,2
DA:559,2
DA:560,54
DA:561,1
DA:562,1
DA:563,220
DA:564,220
DA:565,220
DA:566,108
DA:567,1
DA:568,1
DA:569,56
DA:570,56
DA:571,56
DA:572,56
DA:573,52
DA:574,52
DA:575,52
DA:576,52
DA:577,52
DA:578,52
DA:579,52
DA:580,220
DA:581,220
DA:582,220
DA:583,7
DA:584,7
DA:585,7
DA:586,7
DA:587,7
DA:588,7
DA:589,7
DA:590,1
DA:591,1
DA:592,6
DA:593,6
DA:594,6
DA:595,6
DA:596,6
DA:597,6
DA:598,6
DA:599,6
DA:600,6
DA:601,7
DA:602,220
DA:603,220
DA:604,4
DA:605,1
DA:606,1
DA:607,3
DA:608,3
DA:609,25
DA:610,3
DA:611,3
DA:612,3
DA:613,3
DA:614,3
DA:615,3
DA:616,3
DA:617,3
DA:618,3
DA:619,3
DA:620,3
DA:621,3
DA:622,3
DA:623,4
DA:624,220
DA:625,220
DA:626,4
DA:627,1
DA:628,1
DA:629,3
DA:630,3
DA:631,3
DA:632,3
DA:633,3
DA:634,3
DA:635,3
DA:636,3
DA:637,3
DA:638,3
DA:639,4
DA:640,220
DA:641,220
DA:642,32
DA:643,32
DA:644,220
DA:645,220
DA:646,2
DA:647,1
DA:648,1
DA:649,1
DA:650,1
DA:651,1
DA:652,1
DA:653,2
DA:654,220
DA:655,220
DA:656,6
DA:657,5
DA:658,4
DA:659,6
DA:660,220
DA:661,220
DA:662,2
DA:663,1
DA:664,1
DA:665,2
DA:666,220
DA:667,220
DA:668,220
DA:669,220
DA:670,220
DA:671,220
DA:672,220
DA:673,220
DA:674,220
DA:675,220
DA:676,220
DA:677,220
DA:678,220
DA:679,220
DA:680,220
DA:681,220
DA:682,220
DA:683,220
DA:684,220
DA:685,220
DA:686,220
DA:687,220
DA:688,1
DA:689,1
DA:690,257
DA:691,257
DA:692,4
DA:693,4
DA:694,252
DA:695,252
DA:696,252
LF:696
LH:696
BRDA:13,0,0,0
BRDA:13,1,0,0
BRDA:46,2,0,42
BRDA:52,3,0,8
BRDA:56,4,0,10
BRDA:58,5,0,32
BRDA:58,6,0,15
BRDA:58,7,0,1
BRDA:62,8,0,12
BRDA:66,9,0,14
BRDA:68,10,0,28
BRDA:68,11,0,1
BRDA:72,12,0,26
BRDA:72,13,0,1
BRDA:76,14,0,1
BRDA:249,15,0,24
BRDA:250,16,0,288
BRDA:253,17,0,228
BRDA:257,18,0,124
BRDA:261,19,0,38
BRDA:262,20,0,24
BRDA:264,21,0,14
BRDA:269,22,0,10
BRDA:270,23,0,9
BRDA:270,24,0,1
BRDA:272,25,0,9
BRDA:277,26,0,8
BRDA:278,27,0,8
BRDA:279,28,0,8
BRDA:280,29,0,8
BRDA:281,30,0,8
BRDA:282,31,0,8
BRDA:283,32,0,8
BRDA:285,33,0,2
BRDA:287,34,0,7
BRDA:289,35,0,1
BRDA:291,36,0,6
BRDA:296,37,0,7
BRDA:297,38,0,6
BRDA:297,39,0,1
BRDA:299,40,0,6
BRDA:303,41,0,3
BRDA:303,42,0,2
BRDA:303,43,0,5
BRDA:304,44,0,5
BRDA:306,45,0,1
BRDA:308,46,0,5
BRDA:310,47,0,1
BRDA:316,48,0,4
BRDA:319,49,0,1
BRDA:321,50,0,3
BRDA:331,51,0,52
BRDA:333,52,0,38
BRDA:335,53,0,28
BRDA:335,54,0,14
BRDA:339,55,0,1
BRDA:341,56,0,12
BRDA:346,57,0,1
BRDA:344,58,0,6
BRDA:345,59,0,6
BRDA:351,60,0,156
BRDA:358,61,0,52
BRDA:360,62,0,48
BRDA:362,63,0,19
BRDA:362,64,0,4
BRDA:366,65,0,15
BRDA:366,66,0,1
BRDA:368,67,0,2
BRDA:373,68,0,1
BRDA:371,69,0,7
BRDA:372,70,0,7
BRDA:378,71,0,68
BRDA:382,72,0,3
BRDA:386,73,0,220
BRDA:392,74,0,218
BRDA:392,75,0,8
BRDA:392,76,0,210
BRDA:484,77,0,157
BRDA:524,78,0,157
BRDA:580,79,0,157
BRDA:400,80,0,69
BRDA:406,81,0,68
BRDA:412,82,0,61
BRDA:416,83,0,66
BRDA:417,84,0,1
BRDA:420,85,0,65
BRDA:425,86,0,8
BRDA:425,87,0,6
BRDA:428,88,0,4
BRDA:431,89,0,2
BRDA:431,90,0,2
BRDA:433,91,0,1
BRDA:433,92,0,1
BRDA:441,93,0,6
BRDA:443,94,0,5
BRDA:446,95,0,6
BRDA:448,96,0,59
BRDA:445,97,0,3
BRDA:453,98,0,12
BRDA:461,99,0,108
BRDA:462,100,0,84
BRDA:462,101,0,56
BRDA:470,102,0,52
BRDA:474,103,0,38
BRDA:474,104,0,14
BRDA:481,105,0,52
BRDA:486,106,0,198
BRDA:487,107,0,138
BRDA:487,108,0,112
BRDA:489,109,0,86
BRDA:493,110,0,16
BRDA:501,111,0,108
BRDA:502,112,0,52
BRDA:504,113,0,2
BRDA:505,114,0,1
BRDA:513,115,0,1
BRDA:520,116,0,108
BRDA:527,117,0,54
BRDA:528,118,0,2
BRDA:528,119,0,1
BRDA:528,120,0,53
BRDA:560,121,0,1
BRDA:534,122,0,4
BRDA:537,123,0,2
BRDA:539,124,0,1
BRDA:544,125,0,3
BRDA:545,126,0,1
BRDA:548,127,0,1
BRDA:553,128,0,1
BRDA:554,129,0,2
BRDA:556,130,0,2
BRDA:565,131,0,108
BRDA:566,132,0,56
BRDA:568,133,0,1
BRDA:572,134,0,52
BRDA:576,135,0,52
BRDA:577,136,0,51
BRDA:582,137,0,7
BRDA:589,138,0,6
BRDA:589,139,0,1
BRDA:603,140,0,4
BRDA:604,141,0,1
BRDA:606,142,0,3
BRDA:608,143,0,25
BRDA:609,144,0,3
BRDA:609,145,0,22
BRDA:611,146,0,8
BRDA:625,147,0,4
BRDA:626,148,0,1
BRDA:628,149,0,3
BRDA:632,150,0,25
BRDA:641,151,0,32
BRDA:642,152,0,75
BRDA:645,153,0,2
BRDA:646,154,0,1
BRDA:655,155,0,6
BRDA:656,156,0,1
BRDA:656,157,0,5
BRDA:657,158,0,4
BRDA:661,159,0,2
BRDA:662,160,0,1
BRDA:689,161,0,257
BRDA:691,162,0,4
BRDA:693,163,0,252
BRF:164
BRH:162
end_of_record
TN:
SF:src\app\contexts\auth-context.tsx
FN:72,normalizeEmail
FN:76,sanitizeNumber
FN:85,sanitizeName
FN:93,sanitizeText
FN:97,toUser
FN:110,sanitizeStoredAccount
FN:140,sanitizeUser
FN:168,readStoredUser
FN:181,writeStoredUser
FN:190,readStoredAccounts
FN:210,writeStoredAccounts
FN:214,ensureLocalAccounts
FN:234,AuthProvider
FN:266,login
FN:308,signup
FN:341,updateUser
FN:371,changePassword
FN:414,logout
FN:437,useAuth
FNF:19
FNH:19
FNDA:1547,normalizeEmail
FNDA:1017,sanitizeNumber
FNDA:345,sanitizeName
FNDA:1286,sanitizeText
FNDA:88,toUser
FNDA:248,sanitizeStoredAccount
FNDA:95,sanitizeUser
FNDA:110,readStoredUser
FNDA:114,writeStoredUser
FNDA:156,readStoredAccounts
FNDA:179,writeStoredAccounts
FNDA:156,ensureLocalAccounts
FNDA:227,AuthProvider
FNDA:18,login
FNDA:3,signup
FNDA:21,updateUser
FNDA:7,changePassword
FNDA:3,logout
FNDA:407,useAuth
DA:1,1
DA:2,1
DA:3,1
DA:4,1
DA:5,1
DA:6,1
DA:7,1
DA:8,1
DA:9,1
DA:10,1
DA:11,1
DA:12,1
DA:13,1
DA:14,1
DA:15,1
DA:16,1
DA:17,1
DA:18,1
DA:19,1
DA:20,1
DA:21,1
DA:22,1
DA:23,1
DA:24,1
DA:25,1
DA:26,1
DA:27,1
DA:28,1
DA:29,1
DA:30,1
DA:31,1
DA:32,1
DA:33,1
DA:34,1
DA:35,1
DA:36,1
DA:37,1
DA:38,1
DA:39,1
DA:40,1
DA:41,1
DA:42,1
DA:43,1
DA:44,1
DA:45,1
DA:46,1
DA:47,1
DA:48,1
DA:49,1
DA:50,1
DA:51,1
DA:52,1
DA:53,1
DA:54,1
DA:55,1
DA:56,1
DA:57,1
DA:58,1
DA:59,1
DA:60,1
DA:61,1
DA:62,1
DA:63,1
DA:64,1
DA:65,1
DA:66,1
DA:67,1
DA:68,1
DA:69,1
DA:70,1
DA:71,1
DA:72,1
DA:73,1547
DA:74,1547
DA:75,1
DA:76,1017
DA:77,1017
DA:78,1005
DA:79,1005
DA:80,12
DA:81,12
DA:82,1017
DA:83,1017
DA:84,1
DA:85,345
DA:86,345
DA:87,2
DA:88,2
DA:89,343
DA:90,343
DA:91,343
DA:92,1
DA:93,1286
DA:94,1286
DA:95,1286
DA:96,1
DA:97,88
DA:98,88
DA:99,88
DA:100,88
DA:101,88
DA:102,88
DA:103,88
DA:104,88
DA:105,88
DA:106,88
DA:107,88
DA:108,88
DA:109,1
DA:110,248
DA:111,248
DA:112,1
DA:113,1
DA:114,247
DA:115,247
DA:116,247
DA:117,247
DA:118,247
DA:119,247
DA:120,248
DA:121,1
DA:122,1
DA:123,246
DA:124,246
DA:125,248
DA:126,248
DA:127,248
DA:128,248
DA:129,248
DA:130,248
DA:131,248
DA:132,248
DA:133,248
DA:134,248
DA:135,248
DA:136,248
DA:137,248
DA:138,248
DA:139,1
DA:140,95
DA:141,95
DA:142,1
DA:143,1
DA:144,94
DA:145,94
DA:146,94
DA:147,94
DA:148,94
DA:149,95
DA:150,1
DA:151,1
DA:152,93
DA:153,93
DA:154,95
DA:155,95
DA:156,95
DA:157,95
DA:158,95
DA:159,95
DA:160,95
DA:161,95
DA:162,95
DA:163,95
DA:164,95
DA:165,95
DA:166,95
DA:167,1
DA:168,110
DA:169,110
DA:170,110
DA:171,35
DA:172,35
DA:173,75
DA:174,75
DA:175,75
DA:176,110
DA:177,1
DA:178,1
DA:179,110
DA:180,1
DA:181,114
DA:182,114
DA:183,4
DA:184,4
DA:185,4
DA:186,110
DA:187,110
DA:188,110
DA:189,1
DA:190,156
DA:191,156
DA:192,156
DA:193,23
DA:194,23
DA:195,133
DA:196,133
DA:197,133
DA:198,156
DA:199,1
DA:200,1
DA:201,131
DA:202,131
DA:203,131
DA:204,131
DA:205,156
DA:206,1
DA:207,1
DA:208,156
DA:209,1
DA:210,179
DA:211,179
DA:212,179
DA:213,1
DA:214,156
DA:215,156
DA:216,156
DA:217,156
DA:218,156
DA:219,156
DA:220,156
DA:221,156
DA:222,312
DA:223,312
DA:224,312
DA:225,312
DA:226,137
DA:227,137
DA:228,312
DA:229,156
DA:230,156
DA:231,156
DA:232,156
DA:233,1
DA:234,1
DA:235,227
DA:236,227
DA:237,227
DA:238,110
DA:239,110
DA:240,110
DA:241,110
DA:242,37
DA:243,37
DA:244,37
DA:245,73
DA:246,73
DA:247,95
DA:248,73
DA:249,73
DA:250,110
DA:251,1
DA:252,1
DA:253,1
DA:254,1
DA:255,72
DA:256,72
DA:257,72
DA:258,72
DA:259,72
DA:260,110
DA:261,110
DA:262,110
DA:263,110
DA:264,227
DA:265,227
DA:266,227
DA:267,18
DA:268,18
DA:269,21
DA:270,18
DA:271,18
DA:272,18
DA:273,2
DA:274,2
DA:275,2
DA:276,2
DA:277,2
DA:278,16
DA:279,18
DA:280,2
DA:281,2
DA:282,2
DA:283,2
DA:284,2
DA:285,14
DA:286,14
DA:287,14
DA:288,14
DA:289,14
DA:290,14
DA:291,14
DA:292,14
DA:293,14
DA:294,14
DA:295,14
DA:296,14
DA:297,14
DA:298,2
DA:299,2
DA:300,2
DA:301,2
DA:302,2
DA:303,14
DA:304,14
DA:305,14
DA:306,18
DA:307,227
DA:308,227
DA:309,3
DA:310,3
DA:311,3
DA:312,5
DA:313,3
DA:314,3
DA:315,3
DA:316,1
DA:317,1
DA:318,1
DA:319,1
DA:320,1
DA:321,2
DA:322,2
DA:323,2
DA:324,2
DA:325,2
DA:326,2
DA:327,2
DA:328,2
DA:329,2
DA:330,2
DA:331,2
DA:332,2
DA:333,2
DA:334,2
DA:335,2
DA:336,2
DA:337,2
DA:338,2
DA:339,3
DA:340,227
DA:341,227
DA:342,21
DA:343,21
DA:344,1
DA:345,1
DA:346,20
DA:347,21
DA:348,21
DA:349,21
DA:350,21
DA:351,21
DA:352,21
DA:353,21
DA:354,21
DA:355,21
DA:356,21
DA:357,21
DA:358,21
DA:359,28
DA:360,21
DA:361,21
DA:362,21
DA:363,19
DA:364,19
DA:365,19
DA:366,19
DA:367,19
DA:368,19
DA:369,21
DA:370,227
DA:371,227
DA:372,7
DA:373,1
DA:374,1
DA:375,1
DA:376,1
DA:377,1
DA:378,6
DA:379,7
DA:380,1
DA:381,1
DA:382,1
DA:383,1
DA:384,1
DA:385,5
DA:386,5
DA:387,5
DA:388,7
DA:389,5
DA:390,5
DA:391,7
DA:392,1
DA:393,1
DA:394,1
DA:395,1
DA:396,1
DA:397,4
DA:398,7
DA:399,2
DA:400,2
DA:401,2
DA:402,2
DA:403,2
DA:404,2
DA:405,2
DA:406,2
DA:407,2
DA:408,2
DA:409,2
DA:410,2
DA:411,2
DA:412,7
DA:413,227
DA:414,227
DA:415,3
DA:416,3
DA:417,3
DA:418,3
DA:419,227
DA:420,227
DA:421,227
DA:422,227
DA:423,227
DA:424,227
DA:425,227
DA:426,227
DA:427,227
DA:428,227
DA:429,227
DA:430,227
DA:431,227
DA:432,227
DA:433,227
DA:434,227
DA:435,227
DA:436,1
DA:437,1
DA:438,407
DA:439,407
DA:440,4
DA:441,4
DA:442,403
DA:443,403
DA:444,403
LF:444
LH:444
BRDA:72,0,0,1547
BRDA:76,1,0,1017
BRDA:77,2,0,1005
BRDA:77,3,0,1005
BRDA:77,4,0,1005
BRDA:79,5,0,12
BRDA:82,6,0,6
BRDA:82,7,0,6
BRDA:85,8,0,345
BRDA:86,9,0,2
BRDA:88,10,0,343
BRDA:93,11,0,1286
BRDA:94,12,0,1282
BRDA:94,13,0,4
BRDA:97,14,0,88
BRDA:110,15,0,248
BRDA:111,16,0,247
BRDA:111,17,0,1
BRDA:113,18,0,247
BRDA:120,19,0,246
BRDA:120,20,0,246
BRDA:120,21,0,1
BRDA:122,22,0,246
BRDA:125,23,0,64
BRDA:125,24,0,182
BRDA:140,25,0,95
BRDA:141,26,0,1
BRDA:143,27,0,94
BRDA:149,28,0,93
BRDA:149,29,0,1
BRDA:151,30,0,93
BRDA:154,31,0,1
BRDA:154,32,0,92
BRDA:168,33,0,110
BRDA:170,34,0,35
BRDA:172,35,0,75
BRDA:176,36,0,1
BRDA:181,37,0,114
BRDA:182,38,0,4
BRDA:185,39,0,110
BRDA:190,40,0,156
BRDA:192,41,0,23
BRDA:194,42,0,133
BRDA:198,43,0,1
BRDA:200,44,0,131
BRDA:205,45,0,1
BRDA:203,46,0,248
BRDA:204,47,0,248
BRDA:210,48,0,179
BRDA:214,49,0,156
BRDA:221,50,0,312
BRDA:225,51,0,137
BRDA:223,52,0,428
BRDA:234,53,0,227
BRDA:237,54,0,110
BRDA:241,55,0,37
BRDA:244,56,0,73
BRDA:250,57,0,1
BRDA:254,58,0,72
BRDA:260,59,0,1
BRDA:260,60,0,71
BRDA:246,61,0,95
BRDA:266,62,0,18
BRDA:272,63,0,2
BRDA:277,64,0,16
BRDA:279,65,0,2
BRDA:284,66,0,14
BRDA:268,67,0,21
BRDA:296,68,0,14
BRDA:297,69,0,2
BRDA:297,70,0,2
BRDA:298,71,0,1
BRDA:298,72,0,1
BRDA:308,73,0,3
BRDA:315,74,0,2
BRDA:315,75,0,1
BRDA:311,76,0,5
BRDA:341,77,0,21
BRDA:343,78,0,1
BRDA:345,79,0,20
BRDA:347,80,0,19
BRDA:347,81,0,1
BRDA:348,82,0,19
BRDA:348,83,0,1
BRDA:362,84,0,19
BRDA:358,85,0,28
BRDA:371,86,0,7
BRDA:372,87,0,1
BRDA:377,88,0,6
BRDA:379,89,0,1
BRDA:384,90,0,5
BRDA:391,91,0,1
BRDA:396,92,0,4
BRDA:398,93,0,2
BRDA:387,94,0,7
BRDA:414,95,0,3
BRDA:437,96,0,407
BRDA:439,97,0,4
BRDA:441,98,0,403
BRF:99
BRH:99
end_of_record
TN:
SF:src\app\contexts\chat-context.tsx
FN:46,ChatProvider
FN:76,ws.onopen
FN:80,ws.onmessage
FN:99,ws.onclose
FN:105,ws.onerror
FN:148,useChat
FNF:6
FNH:6
FNDA:36,ChatProvider
FNDA:6,ws.onopen
FNDA:3,ws.onmessage
FNDA:17,ws.onclose
FNDA:1,ws.onerror
FNDA:40,useChat
DA:1,1
DA:2,1
DA:3,1
DA:4,1
DA:5,1
DA:6,1
DA:7,1
DA:8,1
DA:9,1
DA:10,1
DA:11,1
DA:12,1
DA:13,1
DA:14,1
DA:15,1
DA:16,1
DA:17,1
DA:18,1
DA:19,1
DA:20,1
DA:21,1
DA:22,1
DA:23,1
DA:24,1
DA:25,1
DA:26,1
DA:27,1
DA:28,1
DA:29,1
DA:30,1
DA:31,1
DA:32,1
DA:33,1
DA:34,1
DA:35,1
DA:36,1
DA:37,1
DA:38,1
DA:39,1
DA:40,1
DA:41,1
DA:42,1
DA:43,1
DA:44,1
DA:45,1
DA:46,1
DA:47,36
DA:48,36
DA:49,36
DA:50,36
DA:51,36
DA:52,36
DA:53,36
DA:54,36
DA:55,36
DA:56,36
DA:57,36
DA:58,36
DA:59,15
DA:60,15
DA:61,15
DA:62,14
DA:63,13
DA:64,13
DA:65,15
DA:66,15
DA:67,36
DA:68,36
DA:69,36
DA:70,1
DA:71,1
DA:72,16
DA:73,16
DA:74,16
DA:75,16
DA:76,16
DA:77,6
DA:78,6
DA:79,16
DA:80,16
DA:81,3
DA:82,3
DA:83,3
DA:84,1
DA:85,1
DA:86,0
DA:87,0
DA:88,0
DA:89,0
DA:90,0
DA:91,0
DA:92,0
DA:93,0
DA:94,3
DA:95,1
DA:96,1
DA:97,3
DA:98,16
DA:99,16
DA:100,17
DA:101,2
DA:102,2
DA:103,17
DA:104,16
DA:105,16
DA:106,1
DA:107,1
DA:108,36
DA:109,36
DA:110,36
DA:111,15
DA:112,15
DA:113,15
DA:114,15
DA:115,15
DA:116,15
DA:117,15
DA:118,15
DA:119,36
DA:120,36
DA:121,36
DA:122,36
DA:123,6
DA:124,5
DA:125,5
DA:126,5
DA:127,4
DA:128,4
DA:129,4
DA:130,4
DA:131,6
DA:132,4
DA:133,4
DA:134,4
DA:135,6
DA:136,6
DA:137,6
DA:138,36
DA:139,36
DA:140,36
DA:141,36
DA:142,36
DA:143,36
DA:144,36
DA:145,36
DA:146,36
DA:147,1
DA:148,1
DA:149,40
DA:150,40
DA:151,36
DA:152,36
LF:152
LH:144
BRDA:13,0,0,0
BRDA:46,1,0,36
BRDA:58,2,0,15
BRDA:60,3,0,14
BRDA:61,4,0,14
BRDA:62,5,0,13
BRDA:66,6,0,1
BRDA:69,7,0,16
BRDA:71,8,0,1
BRDA:76,9,0,6
BRDA:80,10,0,3
BRDA:83,11,0,1
BRDA:83,12,0,1
BRDA:85,13,0,0
BRDA:85,14,0,0
BRDA:94,15,0,1
BRDA:84,16,0,1
BRDA:99,17,0,17
BRDA:100,18,0,15
BRDA:100,19,0,2
BRDA:105,20,0,1
BRDA:110,21,0,15
BRDA:114,22,0,15
BRDA:116,23,0,2
BRDA:122,24,0,6
BRDA:123,25,0,1
BRDA:123,26,0,5
BRDA:126,27,0,1
BRDA:126,28,0,4
BRDA:131,29,0,3
BRDA:131,30,0,4
BRDA:135,31,0,1
BRDA:135,32,0,3
BRDA:148,33,0,40
BRDA:150,34,0,4
BRDA:150,35,0,36
BRF:36
BRH:33
end_of_record
TN:
SF:src\app\contexts\theme-context.tsx
FN:13,ThemeProvider
FN:39,toggleTheme
FN:50,useTheme
FNF:3
FNH:3
FNDA:13,ThemeProvider
FNDA:5,toggleTheme
FNDA:17,useTheme
DA:1,1
DA:2,1
DA:3,1
DA:4,1
DA:5,1
DA:6,1
DA:7,1
DA:8,1
DA:9,1
DA:10,1
DA:11,1
DA:12,1
DA:13,1
DA:14,13
DA:15,8
DA:16,8
DA:17,8
DA:18,5
DA:19,5
DA:20,8
DA:21,1
DA:22,1
DA:23,4
DA:24,4
DA:25,13
DA:26,13
DA:27,13
DA:28,13
DA:29,13
DA:30,13
DA:31,7
DA:32,13
DA:33,6
DA:34,6
DA:35,13
DA:36,13
DA:37,13
DA:38,13
DA:39,13
DA:40,5
DA:41,5
DA:42,13
DA:43,13
DA:44,13
DA:45,13
DA:46,13
DA:47,13
DA:48,13
DA:49,1
DA:50,1
DA:51,17
DA:52,17
DA:53,4
DA:54,4
DA:55,13
DA:56,13
LF:56
LH:56
BRDA:13,0,0,13
BRDA:14,1,0,8
BRDA:17,2,0,3
BRDA:17,3,0,5
BRDA:20,4,0,1
BRDA:22,5,0,4
BRDA:27,6,0,13
BRDA:30,7,0,7
BRDA:32,8,0,6
BRDA:39,9,0,5
BRDA:40,10,0,5
BRDA:40,11,0,3
BRDA:40,12,0,2
BRDA:50,13,0,17
BRDA:52,14,0,4
BRDA:54,15,0,13
BRF:16
BRH:16
end_of_record
TN:
SF:src\app\hooks\use-activity-cookies.ts
FN:3,setCookie
FN:7,getCookie
FN:13,useActivityCookies
FN:16,trackPageVisit
FN:23,trackFilterTab
FN:28,trackStatsSearch
FN:33,getLastPage
FN:38,getSavedFilterTab
FN:43,getSavedStatsSearch
FN:48,getVisitCount
FNF:10
FNH:10
FNDA:26,setCookie
FNDA:29,getCookie
FNDA:98,useActivityCookies
FNDA:2,trackPageVisit
FNDA:20,trackFilterTab
FNDA:3,trackStatsSearch
FNDA:3,getLastPage
FNDA:18,getSavedFilterTab
FNDA:3,getSavedStatsSearch
FNDA:3,getVisitCount
DA:1,1
DA:2,1
DA:3,26
DA:4,26
DA:5,26
DA:6,1
DA:7,29
DA:8,29
DA:9,29
DA:10,29
DA:11,1
DA:12,1
DA:13,1
DA:14,98
DA:15,98
DA:16,98
DA:17,2
DA:18,2
DA:19,2
DA:20,2
DA:21,98
DA:22,98
DA:23,98
DA:24,20
DA:25,20
DA:26,98
DA:27,98
DA:28,98
DA:29,3
DA:30,3
DA:31,98
DA:32,98
DA:33,98
DA:34,3
DA:35,3
DA:36,98
DA:37,98
DA:38,98
DA:39,18
DA:40,18
DA:41,98
DA:42,98
DA:43,98
DA:44,3
DA:45,3
DA:46,98
DA:47,98
DA:48,98
DA:49,3
DA:50,3
DA:51,98
DA:52,98
LF:52
LH:52
BRDA:3,0,0,26
BRDA:7,1,0,29
BRDA:9,2,0,9
BRDA:9,3,0,20
BRDA:13,4,0,98
BRDA:16,5,0,2
BRDA:18,6,0,1
BRDA:23,7,0,20
BRDA:28,8,0,3
BRDA:29,9,0,2
BRDA:33,10,0,3
BRDA:38,11,0,18
BRDA:43,12,0,3
BRDA:48,13,0,3
BRDA:49,14,0,1
BRF:15
BRH:15
end_of_record
TN:
SF:src\app\pages\account-overview.tsx
FN:10,formatCurrency
FN:18,formatDate
FN:26,AccountOverview
FNF:3
FNH:3
FNDA:36,formatCurrency
FNDA:6,formatDate
FNDA:9,AccountOverview
DA:1,1
DA:2,1
DA:3,1
DA:4,1
DA:5,1
DA:6,1
DA:7,1
DA:8,1
DA:9,1
DA:10,36
DA:11,36
DA:12,36
DA:13,36
DA:14,36
DA:15,36
DA:16,36
DA:17,1
DA:18,6
DA:19,6
DA:20,6
DA:21,6
DA:22,6
DA:23,6
DA:24,6
DA:25,1
DA:26,1
DA:27,9
DA:28,9
DA:29,9
DA:30,9
DA:31,9
DA:32,9
DA:33,9
DA:34,9
DA:35,9
DA:36,9
DA:37,9
DA:38,9
DA:39,9
DA:40,9
DA:41,4
DA:42,5
DA:43,9
DA:44,9
DA:45,9
DA:46,9
DA:47,9
DA:48,9
DA:49,9
DA:50,9
DA:51,9
DA:52,9
DA:53,9
DA:54,9
DA:55,9
DA:56,9
DA:57,9
DA:58,9
DA:59,9
DA:60,9
DA:61,9
DA:62,9
DA:63,9
DA:64,9
DA:65,9
DA:66,9
DA:67,9
DA:68,9
DA:69,9
DA:70,9
DA:71,9
DA:72,9
DA:73,9
DA:74,9
DA:75,9
DA:76,9
DA:77,9
DA:78,9
DA:79,9
DA:80,9
DA:81,9
DA:82,9
DA:83,9
DA:84,9
DA:85,9
DA:86,9
DA:87,9
DA:88,36
DA:89,36
DA:90,36
DA:91,36
DA:92,36
DA:93,36
DA:94,36
DA:95,36
DA:96,36
DA:97,36
DA:98,36
DA:99,36
DA:100,36
DA:101,36
DA:102,36
DA:103,36
DA:104,36
DA:105,36
DA:106,36
DA:107,36
DA:108,9
DA:109,9
DA:110,9
DA:111,9
DA:112,9
DA:113,9
DA:114,9
DA:115,9
DA:116,9
DA:117,9
DA:118,9
DA:119,9
DA:120,9
DA:121,9
DA:122,9
DA:123,9
DA:124,9
DA:125,9
DA:126,9
DA:127,9
DA:128,7
DA:129,7
DA:130,7
DA:131,7
DA:132,7
DA:133,7
DA:134,7
DA:135,7
DA:136,7
DA:137,7
DA:138,7
DA:139,7
DA:140,2
DA:141,2
DA:142,2
DA:143,6
DA:144,6
DA:145,6
DA:146,6
DA:147,6
DA:148,6
DA:149,6
DA:150,6
DA:151,6
DA:152,6
DA:153,6
DA:154,6
DA:155,6
DA:156,6
DA:157,6
DA:158,6
DA:159,6
DA:160,2
DA:161,2
DA:162,9
DA:163,9
DA:164,9
DA:165,9
DA:166,9
DA:167,9
DA:168,9
DA:169,9
DA:170,9
DA:171,9
DA:172,9
DA:173,9
DA:174,9
DA:175,9
DA:176,9
DA:177,9
DA:178,9
DA:179,9
DA:180,9
DA:181,9
DA:182,9
DA:183,9
DA:184,9
DA:185,9
DA:186,9
DA:187,9
DA:188,9
DA:189,9
DA:190,9
DA:191,9
DA:192,9
DA:193,9
DA:194,9
DA:195,9
DA:196,9
DA:197,9
DA:198,9
DA:199,9
DA:200,9
DA:201,9
DA:202,9
DA:203,9
DA:204,9
DA:205,9
DA:206,9
DA:207,9
DA:208,9
DA:209,9
DA:210,9
DA:211,9
DA:212,9
DA:213,9
DA:214,9
DA:215,9
DA:216,9
DA:217,9
DA:218,9
DA:219,9
DA:220,9
DA:221,9
DA:222,9
DA:223,9
DA:224,9
DA:225,9
DA:226,9
DA:227,9
DA:228,9
DA:229,9
DA:230,9
LF:230
LH:230
BRDA:10,0,0,36
BRDA:18,1,0,6
BRDA:26,2,0,9
BRDA:40,3,0,6
BRDA:40,4,0,4
BRDA:41,5,0,5
BRDA:55,6,0,2
BRDA:55,7,0,7
BRDA:61,8,0,6
BRDA:61,9,0,3
BRDA:68,10,0,6
BRDA:68,11,0,3
BRDA:79,12,0,6
BRDA:79,13,0,3
BRDA:127,14,0,7
BRDA:139,15,0,2
BRDA:175,16,0,6
BRDA:175,17,0,3
BRDA:185,18,0,6
BRDA:185,19,0,3
BRDA:210,20,0,6
BRDA:215,21,0,6
BRDA:215,22,0,7
BRDA:221,23,0,6
BRDA:221,24,0,7
BRDA:33,25,0,24
BRDA:33,26,0,6
BRDA:34,27,0,4
BRDA:37,28,0,24
BRDA:38,29,0,24
BRDA:87,30,0,36
BRDA:142,31,0,6
BRF:32
BRH:32
end_of_record
TN:
SF:src\app\pages\account-settings.tsx
FN:29,splitName
FN:42,toPositiveNumber
FN:47,getNotificationsStorageKey
FN:51,readNotifications
FN:82,writeNotifications
FN:89,AccountSettings
FN:155,handleProfileSubmit
FN:173,handlePasswordSubmit
FN:195,handleNotificationsSubmit
FN:218,onValueChange
FN:253,onChange
FN:267,onChange
FN:297,onChange
FN:313,onChange
FN:331,onChange
FN:346,onChange
FN:379,onChange
FN:394,onChange
FN:412,onChange
FN:472,onCheckedChange
FNF:20
FNH:20
FNDA:13,splitName
FNDA:4,toPositiveNumber
FNDA:14,getNotificationsStorageKey
FNDA:13,readNotifications
FNDA:1,writeNotifications
FNDA:57,AccountSettings
FNDA:3,handleProfileSubmit
FNDA:4,handlePasswordSubmit
FNDA:2,handleNotificationsSubmit
FNDA:1,onValueChange
FNDA:1,onChange
FNDA:1,onChange
FNDA:1,onChange
FNDA:2,onChange
FNDA:2,onChange
FNDA:1,onChange
FNDA:4,onChange
FNDA:4,onChange
FNDA:4,onChange
FNDA:1,onCheckedChange
DA:1,1
DA:2,1
DA:3,1
DA:4,1
DA:5,1
DA:6,1
DA:7,1
DA:8,1
DA:9,1
DA:10,1
DA:11,1
DA:12,1
DA:13,1
DA:14,1
DA:15,1
DA:16,1
DA:17,1
DA:18,1
DA:19,1
DA:20,1
DA:21,1
DA:22,1
DA:23,1
DA:24,1
DA:25,1
DA:26,1
DA:27,1
DA:28,1
DA:29,13
DA:30,13
DA:31,13
DA:32,1
DA:33,1
DA:34,12
DA:35,12
DA:36,12
DA:37,12
DA:38,12
DA:39,12
DA:40,12
DA:41,1
DA:42,4
DA:43,4
DA:44,4
DA:45,4
DA:46,1
DA:47,14
DA:48,14
DA:49,14
DA:50,1
DA:51,13
DA:52,13
DA:53,13
DA:54,9
DA:55,9
DA:56,4
DA:57,4
DA:58,4
DA:59,4
DA:60,4
DA:61,4
DA:62,2
DA:63,1
DA:64,13
DA:65,13
DA:66,1
DA:67,2
DA:68,13
DA:69,13
DA:70,1
DA:71,2
DA:72,13
DA:73,13
DA:74,1
DA:75,2
DA:76,13
DA:77,13
DA:78,1
DA:79,1
DA:80,13
DA:81,1
DA:82,1
DA:83,1
DA:84,1
DA:85,1
DA:86,1
DA:87,1
DA:88,1
DA:89,1
DA:90,57
DA:91,57
DA:92,57
DA:93,57
DA:94,57
DA:95,57
DA:96,57
DA:97,57
DA:98,57
DA:99,57
DA:100,57
DA:101,57
DA:102,57
DA:103,57
DA:104,57
DA:105,57
DA:106,57
DA:107,57
DA:108,57
DA:109,57
DA:110,57
DA:111,57
DA:112,33
DA:113,33
DA:114,57
DA:115,57
DA:116,57
DA:117,14
DA:118,14
DA:119,14
DA:120,14
DA:121,14
DA:122,14
DA:123,14
DA:124,12
DA:125,14
DA:126,4
DA:127,4
DA:128,57
DA:129,57
DA:130,57
DA:131,19
DA:132,19
DA:133,19
DA:134,19
DA:135,57
DA:136,57
DA:137,57
DA:138,20
DA:139,7
DA:140,7
DA:141,13
DA:142,13
DA:143,13
DA:144,13
DA:145,13
DA:146,13
DA:147,13
DA:148,13
DA:149,13
DA:150,13
DA:151,13
DA:152,13
DA:153,57
DA:154,57
DA:155,57
DA:156,3
DA:157,3
DA:158,1
DA:159,1
DA:160,2
DA:161,2
DA:162,2
DA:163,2
DA:164,2
DA:165,2
DA:166,2
DA:167,2
DA:168,2
DA:169,2
DA:170,2
DA:171,3
DA:172,57
DA:173,57
DA:174,4
DA:175,4
DA:176,4
DA:177,1
DA:178,1
DA:179,1
DA:180,3
DA:181,3
DA:182,4
DA:183,2
DA:184,2
DA:185,2
DA:186,1
DA:187,1
DA:188,1
DA:189,1
DA:190,1
DA:191,1
DA:192,1
DA:193,4
DA:194,57
DA:195,57
DA:196,2
DA:197,2
DA:198,2
DA:199,1
DA:200,1
DA:201,1
DA:202,1
DA:203,1
DA:204,2
DA:205,57
DA:206,57
DA:207,57
DA:208,57
DA:209,57
DA:210,57
DA:211,57
DA:212,57
DA:213,57
DA:214,57
DA:215,57
DA:216,57
DA:217,57
DA:218,57
DA:219,1
DA:220,1
DA:221,1
DA:222,1
DA:223,57
DA:224,57
DA:225,57
DA:226,57
DA:227,57
DA:228,57
DA:229,57
DA:230,57
DA:231,57
DA:232,57
DA:233,57
DA:234,57
DA:235,57
DA:236,57
DA:237,57
DA:238,57
DA:239,57
DA:240,57
DA:241,57
DA:242,57
DA:243,57
DA:244,57
DA:245,57
DA:246,57
DA:247,57
DA:248,57
DA:249,57
DA:250,57
DA:251,57
DA:252,57
DA:253,57
DA:254,1
DA:255,1
DA:256,1
DA:257,1
DA:258,1
DA:259,57
DA:260,57
DA:261,57
DA:262,57
DA:263,57
DA:264,57
DA:265,57
DA:266,57
DA:267,57
DA:268,1
DA:269,1
DA:270,1
DA:271,1
DA:272,1
DA:273,57
DA:274,57
DA:275,57
DA:276,57
DA:277,57
DA:278,57
DA:279,57
DA:280,57
DA:281,57
DA:282,57
DA:283,57
DA:284,57
DA:285,57
DA:286,57
DA:287,57
DA:288,57
DA:289,57
DA:290,57
DA:291,57
DA:292,57
DA:293,57
DA:294,57
DA:295,57
DA:296,57
DA:297,57
DA:298,1
DA:299,1
DA:300,1
DA:301,1
DA:302,1
DA:303,57
DA:304,57
DA:305,57
DA:306,57
DA:307,57
DA:308,57
DA:309,57
DA:310,57
DA:311,57
DA:312,57
DA:313,57
DA:314,2
DA:315,2
DA:316,2
DA:317,2
DA:318,2
DA:319,57
DA:320,57
DA:321,57
DA:322,57
DA:323,57
DA:324,57
DA:325,57
DA:326,57
DA:327,57
DA:328,57
DA:329,57
DA:330,57
DA:331,57
DA:332,2
DA:333,2
DA:334,2
DA:335,2
DA:336,2
DA:337,57
DA:338,57
DA:339,57
DA:340,57
DA:341,57
DA:342,57
DA:343,57
DA:344,57
DA:345,57
DA:346,57
DA:347,1
DA:348,1
DA:349,1
DA:350,1
DA:351,1
DA:352,57
DA:353,57
DA:354,57
DA:355,57
DA:356,57
DA:357,57
DA:358,57
DA:359,57
DA:360,57
DA:361,57
DA:362,57
DA:363,57
DA:364,57
DA:365,57
DA:366,57
DA:367,57
DA:368,57
DA:369,57
DA:370,57
DA:371,57
DA:372,57
DA:373,57
DA:374,57
DA:375,57
DA:376,57
DA:377,57
DA:378,57
DA:379,57
DA:380,4
DA:381,4
DA:382,4
DA:383,4
DA:384,4
DA:385,57
DA:386,57
DA:387,57
DA:388,57
DA:389,57
DA:390,57
DA:391,57
DA:392,57
DA:393,57
DA:394,57
DA:395,4
DA:396,4
DA:397,4
DA:398,4
DA:399,4
DA:400,57
DA:401,57
DA:402,57
DA:403,57
DA:404,57
DA:405,57
DA:406,57
DA:407,57
DA:408,57
DA:409,57
DA:410,57
DA:411,57
DA:412,57
DA:413,4
DA:414,4
DA:415,4
DA:416,4
DA:417,4
DA:418,57
DA:419,57
DA:420,57
DA:421,57
DA:422,57
DA:423,57
DA:424,57
DA:425,57
DA:426,57
DA:427,57
DA:428,57
DA:429,57
DA:430,57
DA:431,57
DA:432,57
DA:433,57
DA:434,57
DA:435,57
DA:436,57
DA:437,57
DA:438,57
DA:439,57
DA:440,57
DA:441,57
DA:442,57
DA:443,57
DA:444,57
DA:445,57
DA:446,57
DA:447,57
DA:448,57
[...]
DA:254,30
DA:255,30
DA:256,30
DA:257,30
DA:258,30
DA:259,30
DA:260,30
DA:261,30
DA:262,30
DA:263,30
DA:264,30
DA:265,30
DA:266,30
DA:267,30
DA:268,30
DA:269,30
DA:270,30
DA:271,30
DA:272,30
DA:273,30
DA:274,30
DA:275,30
DA:276,30
DA:277,30
DA:278,30
DA:279,30
DA:280,30
DA:281,30
DA:282,30
DA:283,30
DA:284,30
DA:285,30
DA:286,30
DA:287,30
DA:288,30
DA:289,30
DA:290,30
DA:291,30
DA:292,30
LF:292
LH:292
BRDA:36,0,0,11
BRDA:45,1,0,20
BRDA:61,2,0,60
BRDA:77,3,0,30
BRDA:85,4,0,3
BRDA:87,5,0,19
BRDA:87,6,0,4
BRDA:87,7,0,3
BRDA:94,8,0,26
BRDA:97,9,0,16
BRDA:114,10,0,10
BRDA:130,11,0,1
BRDA:201,12,0,9
BRDA:207,13,0,1
BRDA:217,14,0,9
BRDA:218,15,0,1
BRDA:233,16,0,1
BRDA:117,17,0,1
BRDA:123,18,0,1
BRDA:153,19,0,2
BRDA:163,20,0,1
BRDA:259,21,0,1
BRF:22
BRH:22
end_of_record
TN:
SF:src\app\pages\appointments-page.tsx
FN:38,formatDate
FN:58,runIfTargetPresent
FN:66,AppointmentsPage
FN:159,IntersectionObserver.rootMargin
FN:168,handleFilterTab
FN:172,handleSearch
FN:177,handleGeneratorToggle
FN:195,handleAdd
FN:202,handleEdit
FN:210,handleDelete
FN:293,onClick
FN:328,onClick
FN:348,onChange
FN:398,onClick
FN:435,onClick
FN:445,onClick
FN:455,onClick
FN:497,onClick
FN:507,onClick
FN:516,onClick
FN:550,onCancel
FN:556,onOpenChange
FN:569,onCancel
FN:578,onOpenChange
FNF:24
FNH:24
FNDA:449,formatDate
FNDA:4,runIfTargetPresent
FNDA:94,AppointmentsPage
FNDA:1,IntersectionObserver.rootMargin
FNDA:3,handleFilterTab
FNDA:3,handleSearch
FNDA:5,handleGeneratorToggle
FNDA:1,handleAdd
FNDA:1,handleEdit
FNDA:1,handleDelete
FNDA:2,onClick
FNDA:3,onClick
FNDA:2,onChange
FNDA:1,onClick
FNDA:1,onClick
FNDA:2,onClick
FNDA:2,onClick
FNDA:1,onClick
FNDA:1,onClick
FNDA:1,onClick
FNDA:1,onCancel
FNDA:1,onOpenChange
FNDA:1,onCancel
FNDA:3,onOpenChange
DA:1,1
DA:2,1
DA:3,1
DA:4,1
DA:5,1
DA:6,1
DA:7,1
DA:8,1
DA:9,1
DA:10,1
DA:11,1
DA:12,1
DA:13,1
DA:14,1
DA:15,1
DA:16,1
DA:17,1
DA:18,1
DA:19,1
DA:20,1
DA:21,1
DA:22,1
DA:23,1
DA:24,1
DA:25,1
DA:26,1
DA:27,1
DA:28,1
DA:29,1
DA:30,1
DA:31,1
DA:32,1
DA:33,1
DA:34,1
DA:35,1
DA:36,1
DA:37,1
DA:38,449
DA:39,449
DA:40,449
DA:41,449
DA:42,449
DA:43,449
DA:44,449
DA:45,1
DA:46,1
DA:47,1
DA:48,1
DA:49,1
DA:50,1
DA:51,1
DA:52,1
DA:53,1
DA:54,1
DA:55,1
DA:56,1
DA:57,1
DA:58,1
DA:59,4
DA:60,3
DA:61,3
DA:62,4
DA:63,1
DA:64,1
DA:65,1
DA:66,1
DA:67,94
DA:68,94
DA:69,94
DA:70,94
DA:71,94
DA:72,94
DA:73,94
DA:74,94
DA:75,94
DA:76,94
DA:77,94
DA:78,94
DA:79,94
DA:80,94
DA:81,94
DA:82,94
DA:83,94
DA:84,16
DA:85,16
DA:86,94
DA:87,94
DA:88,94
DA:89,94
DA:90,94
DA:91,94
DA:92,94
DA:93,94
DA:94,94
DA:95,19
DA:96,94
DA:97,94
DA:98,94
DA:99,94
DA:100,94
DA:101,94
DA:102,94
DA:103,94
DA:104,94
DA:105,94
DA:106,53
DA:107,53
DA:108,53
DA:109,53
DA:110,1
DA:111,1
DA:112,1
DA:113,53
DA:114,1
DA:115,52
DA:116,1
DA:117,1
DA:118,53
DA:119,53
DA:120,53
DA:121,2
DA:122,2
DA:123,2
DA:124,24
DA:125,23
DA:126,2
DA:127,2
DA:128,53
DA:129,53
DA:130,53
DA:131,53
DA:132,53
DA:133,94
DA:134,94
DA:135,94
DA:136,94
DA:137,94
DA:138,94
DA:139,94
DA:140,94
DA:141,22
DA:142,16
DA:143,16
DA:144,16
DA:145,6
DA:146,6
DA:147,94
DA:148,94
DA:149,94
DA:150,94
DA:151,1
DA:152,94
DA:153,94
DA:154,94
DA:155,34
DA:156,1
DA:157,1
DA:158,34
DA:159,34
DA:160,1
DA:161,1
DA:162,34
DA:163,34
DA:164,34
DA:165,34
DA:166,94
DA:167,94
DA:168,94
DA:169,3
DA:170,3
DA:171,94
DA:172,94
DA:173,3
DA:174,3
DA:175,94
DA:176,94
DA:177,94
DA:178,5
DA:179,5
DA:180,5
DA:181,1
DA:182,1
DA:183,4
DA:184,4
DA:185,3
DA:186,3
DA:187,5
DA:188,1
DA:189,5
DA:190,5
DA:191,5
DA:192,5
DA:193,94
DA:194,94
DA:195,94
DA:196,1
DA:197,1
DA:198,1
DA:199,1
DA:200,1
DA:201,94
DA:202,94
DA:203,1
DA:204,1
DA:205,1
DA:206,1
DA:207,1
DA:208,1
DA:209,94
DA:210,94
DA:211,1
DA:212,1
DA:213,1
DA:214,1
DA:215,1
DA:216,1
DA:217,94
DA:218,94
DA:219,94
DA:220,94
DA:221,94
DA:222,94
DA:223,94
DA:224,94
DA:225,94
DA:226,53
DA:227,40
DA:228,6
DA:229,34
DA:230,94
DA:231,94
DA:232,94
DA:233,94
DA:234,94
DA:235,94
DA:236,94
DA:237,94
DA:238,94
DA:239,94
DA:240,94
DA:241,94
DA:242,94
DA:243,94
DA:244,94
DA:245,94
DA:246,34
DA:247,59
DA:248,53
DA:249,6
DA:250,94
DA:251,94
DA:252,94
DA:253,94
DA:254,94
DA:255,9
DA:256,9
DA:257,9
DA:258,94
DA:259,94
DA:260,94
DA:261,94
DA:262,94
DA:263,94
DA:264,7
DA:265,7
DA:266,7
DA:267,7
DA:268,7
DA:269,7
DA:270,7
DA:271,7
DA:272,7
DA:273,3
DA:274,4
DA:275,7
DA:276,7
DA:277,86
DA:278,86
DA:279,86
DA:280,86
DA:281,86
DA:282,86
DA:283,86
DA:284,86
DA:285,86
DA:286,86
DA:287,4
DA:288,82
DA:289,86
DA:290,86
DA:291,94
DA:292,94
DA:293,94
DA:294,94
DA:295,94
DA:296,94
DA:297,94
DA:298,94
DA:299,94
DA:300,94
DA:301,94
DA:302,94
DA:303,94
DA:304,94
DA:305,94
DA:306,94
DA:307,94
DA:308,94
DA:309,94
DA:310,372
DA:311,372
DA:312,372
DA:313,372
DA:314,372
DA:315,372
DA:316,94
DA:317,94
DA:318,94
DA:319,94
DA:320,94
DA:321,94
DA:322,94
DA:323,94
DA:324,94
DA:325,94
DA:326,372
DA:327,372
DA:328,372
DA:329,372
DA:330,372
DA:331,93
DA:332,279
DA:333,372
DA:334,372
DA:335,372
DA:336,372
DA:337,94
DA:338,94
DA:339,94
DA:340,94
DA:341,94
DA:342,94
DA:343,94
DA:344,94
DA:345,94
DA:346,94
DA:347,94
DA:348,94
DA:349,94
DA:350,94
DA:351,94
DA:352,94
DA:353,94
DA:354,94
DA:355,94
DA:356,94
DA:357,94
DA:358,94
DA:359,94
DA:360,94
DA:361,94
DA:362,94
DA:363,94
DA:364,94
DA:365,94
DA:366,94
DA:367,94
DA:368,94
DA:369,94
DA:370,94
DA:371,94
DA:372,94
DA:373,94
DA:374,94
DA:375,94
DA:376,94
DA:377,94
DA:378,94
DA:379,94
DA:380,94
DA:381,94
DA:382,94
DA:383,94
DA:384,94
DA:385,94
DA:386,94
DA:387,94
DA:388,94
DA:389,94
DA:390,94
DA:391,37
DA:392,37
DA:393,37
DA:394,37
DA:395,37
DA:396,2
DA:397,2
DA:398,2
DA:399,2
DA:400,2
DA:401,2
DA:402,37
DA:403,37
DA:404,37
DA:405,56
DA:406,56
DA:407,223
DA:408,223
DA:409,223
DA:410,223
DA:411,223
DA:412,223
DA:413,223
DA:414,223
DA:415,223
DA:416,223
DA:417,223
DA:418,223
DA:419,223
DA:420,223
DA:421,223
DA:422,223
DA:423,223
DA:424,223
DA:425,223
DA:426,223
DA:427,223
DA:428,223
DA:429,223
DA:430,223
DA:431,223
DA:432,223
DA:433,223
DA:434,223
DA:435,223
DA:436,223
DA:437,223
DA:438,223
DA:439,223
DA:440,223
DA:441,223
DA:442,223
DA:443,223
DA:444,223
DA:445,223
DA:446,223
DA:447,223
DA:448,223
DA:449,223
DA:450,223
DA:451,223
DA:452,223
DA:453,223
DA:454,223
DA:455,223
DA:456,223
DA:457,223
DA:458,223
DA:459,223
DA:460,223
DA:461,223
DA:462,56
DA:463,94
DA:464,94
DA:465,94
DA:466,94
DA:467,94
DA:468,94
DA:469,94
DA:470,94
DA:471,37
DA:472,37
DA:473,37
DA:474,37
DA:475,56
DA:476,56
DA:477,223
DA:478,223
DA:479,223
DA:480,223
DA:481,223
DA:482,223
DA:483,223
DA:484,223
DA:485,223
DA:486,223
DA:487,223
DA:488,223
DA:489,223
DA:490,223
DA:491,223
DA:492,223
DA:493,223
DA:494,223
DA:495,223
DA:496,223
DA:497,223
DA:498,223
DA:499,223
DA:500,223
DA:501,223
DA:502,223
DA:503,223
DA:504,223
DA:505,223
DA:506,223
DA:507,223
DA:508,223
DA:509,223
DA:510,223
DA:511,223
DA:512,223
DA:513,223
DA:514,223
DA:515,223
DA:516,223
DA:517,223
DA:518,223
DA:519,223
DA:520,223
DA:521,223
DA:522,56
DA:523,94
DA:524,94
DA:525,94
DA:526,94
DA:527,94
DA:528,94
DA:529,94
DA:530,94
DA:531,94
DA:532,36
DA:533,94
DA:534,94
DA:535,94
DA:536,94
DA:537,94
DA:538,94
DA:539,94
DA:540,94
DA:541,94
DA:542,94
DA:543,94
DA:544,94
DA:545,94
DA:546,94
DA:547,94
DA:548,94
DA:549,94
DA:550,94
DA:551,94
DA:552,94
DA:553,94
DA:554,94
DA:555,94
DA:556,94
DA:557,94
DA:558,94
DA:559,94
DA:560,94
DA:561,94
DA:562,94
DA:563,94
DA:564,94
DA:565,3
DA:566,3
DA:567,3
DA:568,3
DA:569,3
DA:570,3
DA:571,94
DA:572,94
DA:573,94
DA:574,94
DA:575,94
DA:576,94
DA:577,94
DA:578,94
DA:579,94
DA:580,94
DA:581,94
DA:582,94
DA:583,94
DA:584,94
DA:585,94
DA:586,94
DA:587,94
DA:588,94
DA:589,94
DA:590,94
DA:591,94
DA:592,94
DA:593,94
DA:594,94
DA:595,94
DA:596,94
DA:597,94
DA:598,94
DA:599,94
DA:600,94
DA:601,94
DA:602,94
DA:603,94
DA:604,94
DA:605,94
DA:606,94
DA:607,94
DA:608,94
DA:609,94
LF:609
LH:609
BRDA:38,0,0,449
BRDA:58,1,0,4
BRDA:59,2,0,3
BRDA:66,3,0,94
BRDA:225,4,0,53
BRDA:226,5,0,40
BRDA:227,6,0,6
BRDA:228,7,0,34
BRDA:245,8,0,34
BRDA:246,9,0,59
BRDA:247,10,0,53
BRDA:248,11,0,6
BRDA:254,12,0,9
BRDA:259,13,0,56
BRDA:263,14,0,7
BRDA:272,15,0,3
BRDA:273,16,0,4
BRDA:276,17,0,86
BRDA:286,18,0,4
BRDA:287,19,0,82
BRDA:390,20,0,37
BRDA:395,21,0,2
BRDA:404,22,0,56
BRDA:470,23,0,37
BRDA:474,24,0,56
BRDA:531,25,0,36
BRDA:564,26,0,3
BRDA:587,27,0,3
BRDA:589,28,0,3
BRDA:589,29,0,90
BRDA:590,30,0,3
BRDA:83,31,0,16
BRDA:85,32,0,15
BRDA:94,33,0,19
BRDA:105,34,0,53
BRDA:109,35,0,1
BRDA:113,36,0,52
BRDA:113,37,0,1
BRDA:115,38,0,51
BRDA:115,39,0,1
BRDA:120,40,0,2
BRDA:111,41,0,12
BRDA:111,42,0,3
BRDA:114,43,0,12
BRDA:116,44,0,12
BRDA:123,45,0,24
BRDA:124,46,0,23
BRDA:130,47,0,371
BRDA:140,48,0,22
BRDA:141,49,0,16
BRDA:144,50,0,6
BRDA:150,51,0,1
BRDA:151,52,0,1
BRDA:154,53,0,34
BRDA:157,54,0,1
BRDA:159,55,0,1
BRDA:165,56,0,34
BRDA:168,57,0,3
BRDA:172,58,0,3
BRDA:177,59,0,5
BRDA:180,60,0,4
BRDA:180,61,0,1
BRDA:184,62,0,3
BRDA:187,63,0,1
BRDA:195,64,0,1
BRDA:202,65,0,1
BRDA:203,66,0,1
BRDA:210,67,0,1
BRDA:211,68,0,1
BRDA:220,69,0,584
BRDA:220,70,0,152
BRDA:222,71,0,584
BRDA:223,72,0,584
BRDA:293,73,0,2
BRDA:309,74,0,372
BRDA:325,75,0,372
BRDA:330,76,0,93
BRDA:331,77,0,279
BRDA:328,78,0,3
BRDA:348,79,0,2
BRDA:398,80,0,1
BRDA:406,81,0,223
BRDA:435,82,0,1
BRDA:445,83,0,2
BRDA:455,84,0,2
BRDA:476,85,0,223
BRDA:497,86,0,1
BRDA:507,87,0,1
BRDA:516,88,0,1
BRDA:550,89,0,1
BRDA:556,90,0,1
BRDA:569,91,0,1
BRDA:578,92,0,3
BRF:93
BRH:93
end_of_record
TN:
SF:src\app\pages\home-page.tsx
FN:16,HomePage
FNF:1
FNH:1
FNDA:8,HomePage
DA:1,1
DA:2,1
DA:3,1
DA:4,1
DA:5,1
DA:6,1
DA:7,1
DA:8,1
DA:9,1
DA:10,1
DA:11,1
DA:12,1
DA:13,1
DA:14,1
DA:15,1
DA:16,1
DA:17,8
DA:18,8
DA:19,8
DA:20,8
DA:21,8
DA:22,8
DA:23,8
DA:24,8
DA:25,8
DA:26,8
DA:27,8
DA:28,8
DA:29,8
DA:30,8
DA:31,8
DA:32,8
DA:33,8
DA:34,8
DA:35,8
DA:36,8
DA:37,8
DA:38,8
DA:39,8
DA:40,8
DA:41,8
DA:42,8
DA:43,8
DA:44,8
DA:45,8
DA:46,8
DA:47,8
DA:48,8
DA:49,8
DA:50,8
DA:51,8
DA:52,8
DA:53,8
DA:54,8
DA:55,8
DA:56,8
DA:57,8
DA:58,8
DA:59,8
DA:60,8
DA:61,8
DA:62,8
DA:63,8
DA:64,8
DA:65,8
DA:66,8
DA:67,8
DA:68,8
DA:69,8
DA:70,8
DA:71,8
DA:72,8
DA:73,8
DA:74,8
DA:75,8
DA:76,8
DA:77,8
DA:78,8
DA:79,8
DA:80,8
DA:81,8
DA:82,8
DA:83,8
DA:84,8
DA:85,8
DA:86,8
DA:87,8
DA:88,8
DA:89,8
DA:90,8
DA:91,8
DA:92,8
DA:93,8
DA:94,8
DA:95,8
DA:96,8
DA:97,8
DA:98,8
DA:99,8
DA:100,8
DA:101,8
DA:102,8
DA:103,8
DA:104,8
DA:105,8
DA:106,8
DA:107,8
DA:108,8
DA:109,8
DA:110,8
DA:111,8
DA:112,8
DA:113,8
DA:114,8
DA:115,8
DA:116,8
DA:117,8
DA:118,8
DA:119,8
DA:120,8
DA:121,8
DA:122,8
DA:123,8
DA:124,8
DA:125,8
DA:126,8
DA:127,8
DA:128,8
DA:129,8
DA:130,8
DA:131,8
DA:132,8
DA:133,8
DA:134,8
DA:135,8
DA:136,8
DA:137,8
DA:138,8
DA:139,8
DA:140,8
DA:141,8
DA:142,8
DA:143,8
DA:144,8
DA:145,8
DA:146,8
DA:147,8
DA:148,8
DA:149,8
DA:150,8
DA:151,8
DA:152,8
DA:153,8
DA:154,24
DA:155,24
DA:156,24
DA:157,24
DA:158,24
DA:159,24
DA:160,8
DA:161,8
DA:162,8
DA:163,8
DA:164,8
DA:165,8
DA:166,8
DA:167,8
DA:168,8
DA:169,8
DA:170,8
DA:171,8
DA:172,8
DA:173,8
DA:174,8
DA:175,8
DA:176,8
DA:177,8
DA:178,8
DA:179,8
DA:180,8
DA:181,8
DA:182,8
DA:183,8
DA:184,8
DA:185,24
DA:186,24
DA:187,24
DA:188,24
DA:189,24
DA:190,24
DA:191,8
DA:192,8
DA:193,8
DA:194,8
DA:195,8
DA:196,8
DA:197,8
DA:198,8
DA:199,8
DA:200,8
DA:201,8
DA:202,8
DA:203,8
DA:204,8
DA:205,8
DA:206,8
DA:207,8
DA:208,8
DA:209,8
DA:210,8
DA:211,8
DA:212,8
DA:213,8
DA:214,8
DA:215,8
DA:216,8
DA:217,8
DA:218,8
DA:219,8
DA:220,8
DA:221,8
DA:222,32
DA:223,32
DA:224,32
DA:225,32
DA:226,32
DA:227,32
DA:228,32
DA:229,32
DA:230,32
DA:231,32
DA:232,32
DA:233,32
DA:234,32
DA:235,32
DA:236,32
DA:237,32
DA:238,32
DA:239,32
DA:240,32
DA:241,8
DA:242,8
DA:243,8
DA:244,8
DA:245,8
DA:246,8
DA:247,8
DA:248,8
DA:249,8
DA:250,8
DA:251,8
DA:252,8
DA:253,8
DA:254,8
DA:255,8
DA:256,8
DA:257,8
DA:258,8
DA:259,8
DA:260,8
DA:261,8
DA:262,8
DA:263,8
DA:264,8
DA:265,8
DA:266,8
DA:267,8
DA:268,8
DA:269,8
DA:270,8
DA:271,8
DA:272,8
DA:273,8
DA:274,8
DA:275,8
DA:276,48
DA:277,48
DA:278,48
DA:279,48
DA:280,48
DA:281,48
DA:282,48
DA:283,8
DA:284,8
DA:285,8
DA:286,8
DA:287,8
DA:288,8
DA:289,8
DA:290,8
DA:291,8
DA:292,8
DA:293,8
DA:294,8
DA:295,8
DA:296,8
DA:297,8
DA:298,8
DA:299,8
DA:300,8
DA:301,8
DA:302,8
DA:303,8
DA:304,8
DA:305,8
DA:306,8
DA:307,8
DA:308,8
DA:309,8
DA:310,24
DA:311,24
DA:312,24
DA:313,24
DA:314,120
DA:315,120
DA:316,120
DA:317,120
DA:318,120
DA:319,24
DA:320,24
DA:321,24
DA:322,24
DA:323,24
DA:324,24
DA:325,24
DA:326,24
DA:327,24
DA:328,24
DA:329,24
DA:330,24
DA:331,24
DA:332,24
DA:333,24
DA:334,8
DA:335,8
DA:336,8
DA:337,8
DA:338,8
DA:339,8
DA:340,8
DA:341,8
DA:342,8
DA:343,8
DA:344,8
DA:345,8
DA:346,8
DA:347,8
DA:348,8
DA:349,8
DA:350,8
DA:351,8
DA:352,8
DA:353,8
DA:354,8
DA:355,8
DA:356,8
DA:357,8
DA:358,8
DA:359,8
DA:360,8
DA:361,8
DA:362,8
DA:363,8
DA:364,8
DA:365,8
DA:366,8
DA:367,8
DA:368,8
LF:368
LH:368
BRDA:16,0,0,8
BRDA:153,1,0,24
BRDA:184,2,0,24
BRDA:221,3,0,32
BRDA:275,4,0,48
BRDA:309,5,0,24
BRDA:313,6,0,120
BRF:7
BRH:7
end_of_record
TN:
SF:src\app\pages\login-page.tsx
FN:11,MetricCard
FN:31,LoginPage
FN:38,handleSubmit
FN:53,handleChange
FN:223,onClick
FNF:5
FNH:5
FNDA:156,MetricCard
FNDA:39,LoginPage
FNDA:5,handleSubmit
FNDA:12,handleChange
FNDA:2,onClick
DA:1,1
DA:2,1
DA:3,1
DA:4,1
DA:5,1
DA:6,1
DA:7,1
DA:8,1
DA:9,1
DA:10,1
DA:11,156
DA:12,156
DA:13,156
DA:14,156
DA:15,156
DA:16,156
DA:17,156
DA:18,156
DA:19,156
DA:20,156
DA:21,156
DA:22,156
DA:23,156
DA:24,156
DA:25,156
DA:26,156
DA:27,156
DA:28,156
DA:29,156
DA:30,1
DA:31,1
DA:32,39
DA:33,39
DA:34,39
DA:35,39
DA:36,39
DA:37,39
DA:38,39
DA:39,5
DA:40,5
DA:41,5
DA:42,5
DA:43,5
DA:44,5
DA:45,5
DA:46,3
DA:47,3
DA:48,3
DA:49,2
DA:50,2
DA:51,5
DA:52,39
DA:53,39
DA:54,12
DA:55,12
DA:56,39
DA:57,39
DA:58,39
DA:59,39
DA:60,39
DA:61,39
DA:62,39
DA:63,39
DA:64,39
DA:65,39
DA:66,39
DA:67,39
DA:68,39
DA:69,39
DA:70,39
DA:71,39
DA:72,39
DA:73,39
DA:74,39
DA:75,39
DA:76,39
DA:77,39
DA:78,39
DA:79,39
DA:80,39
DA:81,39
DA:82,39
DA:83,39
DA:84,39
DA:85,39
DA:86,39
DA:87,39
DA:88,39
DA:89,39
DA:90,39
DA:91,39
DA:92,39
DA:93,39
DA:94,39
DA:95,39
DA:96,39
DA:97,39
DA:98,39
DA:99,39
DA:100,39
DA:101,39
DA:102,39
DA:103,39
DA:104,39
DA:105,39
DA:106,39
DA:107,39
DA:108,39
DA:109,39
DA:110,39
DA:111,39
DA:112,39
DA:113,39
DA:114,39
DA:115,39
DA:116,39
DA:117,39
DA:118,39
DA:119,39
DA:120,39
DA:121,39
DA:122,39
DA:123,39
DA:124,117
DA:125,117
DA:126,117
DA:127,117
DA:128,39
DA:129,39
DA:130,39
DA:131,39
DA:132,39
DA:133,39
DA:134,39
DA:135,39
DA:136,39
DA:137,39
DA:138,39
DA:139,39
DA:140,39
DA:141,39
DA:142,39
DA:143,39
DA:144,39
DA:145,39
DA:146,39
DA:147,39
DA:148,39
DA:149,39
DA:150,39
DA:151,39
DA:152,39
DA:153,39
DA:154,39
DA:155,39
DA:156,39
DA:157,39
DA:158,39
DA:159,39
DA:160,39
DA:161,39
DA:162,39
DA:163,39
DA:164,39
DA:165,39
DA:166,39
DA:167,39
DA:168,39
DA:169,39
DA:170,39
DA:171,39
DA:172,39
DA:173,39
DA:174,39
DA:175,39
DA:176,39
DA:177,39
DA:178,39
DA:179,39
DA:180,39
DA:181,39
DA:182,39
DA:183,39
DA:184,39
DA:185,39
DA:186,39
DA:187,39
DA:188,39
DA:189,39
DA:190,39
DA:191,39
DA:192,39
DA:193,39
DA:194,39
DA:195,39
DA:196,39
DA:197,39
DA:198,39
DA:199,39
DA:200,39
DA:201,39
DA:202,39
DA:203,39
DA:204,39
DA:205,39
DA:206,39
DA:207,39
DA:208,39
DA:209,39
DA:210,39
DA:211,39
DA:212,39
DA:213,39
DA:214,39
DA:215,39
DA:216,39
DA:217,39
DA:218,39
DA:219,39
DA:220,39
DA:221,39
DA:222,39
DA:223,39
DA:224,39
DA:225,39
DA:226,39
DA:227,39
DA:228,39
DA:229,39
DA:230,39
DA:231,39
DA:232,39
DA:233,39
DA:234,39
DA:235,39
DA:236,39
DA:237,39
DA:238,39
DA:239,5
DA:240,5
DA:241,5
DA:242,5
DA:243,34
DA:244,34
DA:245,34
DA:246,34
DA:247,34
DA:248,39
DA:249,39
DA:250,39
DA:251,39
DA:252,39
DA:253,39
DA:254,39
DA:255,39
DA:256,39
DA:257,39
DA:258,39
DA:259,39
DA:260,39
DA:261,39
DA:262,39
DA:263,39
DA:264,39
DA:265,39
DA:266,39
DA:267,39
DA:268,39
DA:269,39
DA:270,39
DA:271,39
DA:272,39
DA:273,39
DA:274,39
LF:274
LH:274
BRDA:11,0,0,156
BRDA:31,1,0,39
BRDA:213,2,0,1
BRDA:213,3,0,38
BRDA:224,4,0,1
BRDA:224,5,0,38
BRDA:227,6,0,1
BRDA:227,7,0,38
BRDA:238,8,0,5
BRDA:242,9,0,34
BRDA:38,10,0,5
BRDA:45,11,0,3
BRDA:46,12,0,1
BRDA:48,13,0,2
BRDA:42,14,0,5
BRDA:53,15,0,12
BRDA:123,16,0,117
BRDA:223,17,0,2
BRF:18
BRH:18
end_of_record
TN:
SF:src\app\pages\signup-page.tsx
FN:12,Benefit
FN:21,SignupPage
FN:34,handleSubmit
FN:47,fullName
FN:62,handleChange
FN:67,handleTermsChange
FN:304,onCheckedChange
FNF:7
FNH:7
FNDA:260,Benefit
FNDA:52,SignupPage
FNDA:4,handleSubmit
FNDA:2,fullName
FNDA:35,handleChange
FNDA:5,handleTermsChange
FNDA:5,onCheckedChange
DA:1,1
DA:2,1
DA:3,1
DA:4,1
DA:5,1
DA:6,1
DA:7,1
DA:8,1
DA:9,1
DA:10,1
DA:11,1
DA:12,260
DA:13,260
DA:14,260
DA:15,260
DA:16,260
DA:17,260
DA:18,260
DA:19,260
DA:20,1
DA:21,1
DA:22,52
DA:23,52
DA:24,52
DA:25,52
DA:26,52
DA:27,52
DA:28,52
DA:29,52
DA:30,52
DA:31,52
DA:32,52
DA:33,52
DA:34,52
DA:35,4
DA:36,4
DA:37,4
DA:38,1
DA:39,1
DA:40,1
DA:41,4
DA:42,1
DA:43,1
DA:44,1
DA:45,2
DA:46,2
DA:47,2
DA:48,2
DA:49,2
DA:50,2
DA:51,2
DA:52,2
DA:53,4
DA:54,1
DA:55,1
DA:56,1
DA:57,1
DA:58,1
DA:59,1
DA:60,4
DA:61,52
DA:62,52
DA:63,35
DA:64,35
DA:65,35
DA:66,52
DA:67,52
DA:68,5
DA:69,5
DA:70,5
DA:71,5
DA:72,5
DA:73,52
DA:74,52
DA:75,52
DA:76,52
DA:77,52
DA:78,52
DA:79,52
DA:80,52
DA:81,52
DA:82,52
DA:83,52
DA:84,52
DA:85,52
DA:86,52
DA:87,52
DA:88,52
DA:89,52
DA:90,52
DA:91,52
DA:92,52
DA:93,52
DA:94,52
DA:95,52
DA:96,52
DA:97,52
DA:98,52
DA:99,52
DA:100,52
DA:101,52
DA:102,52
DA:103,52
DA:104,52
DA:105,52
DA:106,52
DA:107,52
DA:108,52
DA:109,52
DA:110,52
DA:111,52
DA:112,52
DA:113,52
DA:114,52
DA:115,52
DA:116,52
DA:117,52
DA:118,52
DA:119,52
DA:120,52
DA:121,52
DA:122,52
DA:123,52
DA:124,52
DA:125,52
DA:126,52
DA:127,52
DA:128,52
DA:129,52
DA:130,52
DA:131,52
DA:132,52
DA:133,52
DA:134,52
DA:135,52
DA:136,52
DA:137,52
DA:138,52
DA:139,52
DA:140,52
DA:141,52
DA:142,52
DA:143,52
DA:144,156
DA:145,156
DA:146,156
DA:147,156
DA:148,52
DA:149,52
DA:150,52
DA:151,52
DA:152,52
DA:153,52
DA:154,52
DA:155,52
DA:156,52
DA:157,52
DA:158,52
DA:159,52
DA:160,52
DA:161,52
DA:162,52
DA:163,52
DA:164,52
DA:165,52
DA:166,52
DA:167,52
DA:168,52
DA:169,52
DA:170,52
DA:171,52
DA:172,52
DA:173,52
DA:174,52
DA:175,52
DA:176,52
DA:177,52
DA:178,52
DA:179,52
DA:180,52
DA:181,52
DA:182,52
DA:183,52
DA:184,52
DA:185,52
DA:186,52
DA:187,52
DA:188,52
DA:189,52
DA:190,52
DA:191,52
DA:192,52
DA:193,52
DA:194,52
DA:195,52
DA:196,52
DA:197,52
DA:198,52
DA:199,52
DA:200,52
DA:201,52
DA:202,52
DA:203,52
DA:204,52
DA:205,52
DA:206,52
DA:207,52
DA:208,52
DA:209,52
DA:210,52
DA:211,52
DA:212,52
DA:213,52
DA:214,52
DA:215,52
DA:216,52
DA:217,52
DA:218,52
DA:219,52
DA:220,52
DA:221,52
DA:222,52
DA:223,52
DA:224,52
DA:225,52
DA:226,52
DA:227,52
DA:228,52
DA:229,52
DA:230,52
DA:231,52
DA:232,52
DA:233,52
DA:234,52
DA:235,52
DA:236,52
DA:237,52
DA:238,52
DA:239,52
DA:240,52
DA:241,52
DA:242,52
DA:243,52
DA:244,52
DA:245,52
DA:246,52
DA:247,52
DA:248,52
DA:249,52
DA:250,52
DA:251,52
DA:252,52
DA:253,52
DA:254,52
DA:255,52
DA:256,52
DA:257,52
DA:258,52
DA:259,52
DA:260,52
DA:261,52
DA:262,52
DA:263,52
DA:264,52
DA:265,52
DA:266,52
DA:267,52
DA:268,52
DA:269,52
DA:270,52
DA:271,52
DA:272,52
DA:273,52
DA:274,52
DA:275,52
DA:276,52
DA:277,52
DA:278,52
DA:279,52
DA:280,52
DA:281,52
DA:282,52
DA:283,52
DA:284,52
DA:285,52
DA:286,52
DA:287,2
DA:288,50
DA:289,12
DA:290,38
DA:291,52
DA:292,52
DA:293,52
DA:294,2
DA:295,52
DA:296,52
DA:297,52
DA:298,52
DA:299,52
DA:300,52
DA:301,52
DA:302,52
DA:303,52
DA:304,52
DA:305,52
DA:306,52
DA:307,52
DA:308,52
DA:309,52
DA:310,52
DA:311,52
DA:312,52
DA:313,52
DA:314,52
DA:315,52
DA:316,52
DA:317,52
DA:318,52
DA:319,52
DA:320,52
DA:321,52
DA:322,52
DA:323,52
DA:324,52
DA:325,52
DA:326,2
DA:327,2
DA:328,2
DA:329,2
DA:330,50
DA:331,50
DA:332,50
DA:333,50
DA:334,50
DA:335,52
DA:336,52
DA:337,52
DA:338,52
DA:339,52
DA:340,52
DA:341,52
DA:342,52
DA:343,52
DA:344,52
LF:344
LH:344
BRDA:12,0,0,260
BRDA:21,1,0,52
BRDA:286,2,0,14
BRDA:286,3,0,2
BRDA:287,4,0,50
BRDA:288,5,0,12
BRDA:288,6,0,12
BRDA:289,7,0,38
BRDA:293,8,0,14
BRDA:293,9,0,2
BRDA:325,10,0,2
BRDA:329,11,0,50
BRDA:34,12,0,4
BRDA:37,13,0,1
BRDA:40,14,0,3
BRDA:41,15,0,2
BRDA:41,16,0,1
BRDA:53,17,0,1
BRDA:47,18,0,2
BRDA:62,19,0,35
BRDA:63,20,0,5
BRDA:63,21,0,30
BRDA:67,22,0,5
BRDA:143,23,0,156
BRDA:304,24,0,5
BRF:25
BRH:25
end_of_record
